<?xml version="1.0" encoding="UTF-8"?>
<coverage generated="1753497506879" clover="3.2.0">
  <project timestamp="1753497506879" name="All files">
    <metrics statements="258" coveredstatements="117" conditionals="154" coveredconditionals="81" methods="92" coveredmethods="45" elements="504" coveredelements="243" complexity="0" loc="258" ncloc="258" packages="9" files="15" classes="15"/>
    <package name="src">
      <metrics statements="13" coveredstatements="0" conditionals="0" coveredconditionals="0" methods="2" coveredmethods="0"/>
      <file name="content.config.ts" path="C:\Users\azari\OneDrive\Desktop\Programacion\share-it-web\src\content.config.ts">
        <metrics statements="13" coveredstatements="0" conditionals="0" coveredconditionals="0" methods="2" coveredmethods="0"/>
        <line num="1" count="0" type="stmt"/>
        <line num="2" count="0" type="stmt"/>
        <line num="4" count="0" type="stmt"/>
        <line num="15" count="0" type="stmt"/>
        <line num="18" count="0" type="stmt"/>
        <line num="24" count="0" type="stmt"/>
        <line num="30" count="0" type="stmt"/>
        <line num="35" count="0" type="stmt"/>
        <line num="39" count="0" type="stmt"/>
        <line num="44" count="0" type="stmt"/>
        <line num="49" count="0" type="stmt"/>
        <line num="54" count="0" type="stmt"/>
        <line num="59" count="0" type="stmt"/>
      </file>
    </package>
    <package name="src.components">
      <metrics statements="11" coveredstatements="0" conditionals="2" coveredconditionals="0" methods="4" coveredmethods="0"/>
      <file name="HelloFromReact.tsx" path="C:\Users\azari\OneDrive\Desktop\Programacion\share-it-web\src\components\HelloFromReact.tsx">
        <metrics statements="4" coveredstatements="0" conditionals="0" coveredconditionals="0" methods="1" coveredmethods="0"/>
        <line num="1" count="0" type="stmt"/>
        <line num="3" count="0" type="stmt"/>
        <line num="4" count="0" type="stmt"/>
        <line num="12" count="0" type="stmt"/>
      </file>
      <file name="IndexWithModal.tsx" path="C:\Users\azari\OneDrive\Desktop\Programacion\share-it-web\src\components\IndexWithModal.tsx">
        <metrics statements="7" coveredstatements="0" conditionals="2" coveredconditionals="0" methods="3" coveredmethods="0"/>
        <line num="1" count="0" type="stmt"/>
        <line num="2" count="0" type="stmt"/>
        <line num="4" count="0" type="stmt"/>
        <line num="5" count="0" type="stmt"/>
        <line num="6" count="0" type="stmt"/>
        <line num="7" count="0" type="stmt"/>
        <line num="9" count="0" type="stmt"/>
      </file>
    </package>
    <package name="src.components.EntryForm">
      <metrics statements="17" coveredstatements="0" conditionals="4" coveredconditionals="0" methods="4" coveredmethods="0"/>
      <file name="EntryForm.tsx" path="C:\Users\azari\OneDrive\Desktop\Programacion\share-it-web\src\components\EntryForm\EntryForm.tsx">
        <metrics statements="17" coveredstatements="0" conditionals="4" coveredconditionals="0" methods="4" coveredmethods="0"/>
        <line num="1" count="0" type="stmt"/>
        <line num="2" count="0" type="stmt"/>
        <line num="4" count="0" type="stmt"/>
        <line num="5" count="0" type="stmt"/>
        <line num="6" count="0" type="stmt"/>
        <line num="8" count="0" type="stmt"/>
        <line num="23" count="0" type="stmt"/>
        <line num="24" count="0" type="stmt"/>
        <line num="61" count="0" type="stmt"/>
        <line num="62" count="0" type="stmt"/>
        <line num="94" count="0" type="stmt"/>
        <line num="100" count="0" type="stmt"/>
        <line num="123" count="0" type="stmt"/>
        <line num="125" count="0" type="stmt"/>
        <line num="126" count="0" type="stmt"/>
        <line num="127" count="0" type="stmt"/>
        <line num="130" count="0" type="stmt"/>
      </file>
    </package>
    <package name="src.components.SocialLinks">
      <metrics statements="18" coveredstatements="0" conditionals="4" coveredconditionals="0" methods="6" coveredmethods="0"/>
      <file name="SocialContainer.tsx" path="C:\Users\azari\OneDrive\Desktop\Programacion\share-it-web\src\components\SocialLinks\SocialContainer.tsx">
        <metrics statements="4" coveredstatements="0" conditionals="2" coveredconditionals="0" methods="1" coveredmethods="0"/>
        <line num="1" count="0" type="stmt"/>
        <line num="2" count="0" type="stmt"/>
        <line num="12" count="0" type="stmt"/>
        <line num="19" count="0" type="stmt"/>
      </file>
      <file name="SocialLinks.tsx" path="C:\Users\azari\OneDrive\Desktop\Programacion\share-it-web\src\components\SocialLinks\SocialLinks.tsx">
        <metrics statements="14" coveredstatements="0" conditionals="2" coveredconditionals="0" methods="5" coveredmethods="0"/>
        <line num="1" count="0" type="stmt"/>
        <line num="2" count="0" type="stmt"/>
        <line num="3" count="0" type="stmt"/>
        <line num="4" count="0" type="stmt"/>
        <line num="5" count="0" type="stmt"/>
        <line num="6" count="0" type="stmt"/>
        <line num="8" count="0" type="stmt"/>
        <line num="9" count="0" type="stmt"/>
        <line num="11" count="0" type="stmt"/>
        <line num="12" count="0" type="stmt"/>
        <line num="15" count="0" type="stmt"/>
        <line num="17" count="0" type="stmt"/>
        <line num="30" count="0" type="stmt"/>
        <line num="38" count="0" type="stmt"/>
      </file>
    </package>
    <package name="src.components.SocialLinks.schema">
      <metrics statements="154" coveredstatements="117" conditionals="140" coveredconditionals="81" methods="59" coveredmethods="45"/>
      <file name="enterpriseConfig.ts" path="C:\Users\azari\OneDrive\Desktop\Programacion\share-it-web\src\components\SocialLinks\schema\enterpriseConfig.ts">
        <metrics statements="54" coveredstatements="25" conditionals="21" coveredconditionals="7" methods="14" coveredmethods="5"/>
        <line num="28" count="3" type="stmt"/>
        <line num="40" count="3" type="stmt"/>
        <line num="48" count="3" type="stmt"/>
        <line num="51" count="9" type="cond" truecount="2" falsecount="0"/>
        <line num="52" count="3" type="stmt"/>
        <line num="54" count="9" type="stmt"/>
        <line num="58" count="89" type="stmt"/>
        <line num="66" count="89" type="stmt"/>
        <line num="69" count="89" type="cond" truecount="1" falsecount="1"/>
        <line num="70" count="0" type="stmt"/>
        <line num="78" count="0" type="stmt"/>
        <line num="82" count="0" type="stmt"/>
        <line num="87" count="3" type="stmt"/>
        <line num="92" count="3" type="stmt"/>
        <line num="93" count="3" type="stmt"/>
        <line num="101" count="0" type="cond" truecount="0" falsecount="2"/>
        <line num="102" count="0" type="stmt"/>
        <line num="109" count="0" type="stmt"/>
        <line num="112" count="0" type="stmt"/>
        <line num="114" count="0" type="stmt"/>
        <line num="120" count="0" type="stmt"/>
        <line num="122" count="0" type="stmt"/>
        <line num="124" count="0" type="stmt"/>
        <line num="125" count="0" type="stmt"/>
        <line num="135" count="0" type="stmt"/>
        <line num="141" count="0" type="stmt"/>
        <line num="142" count="0" type="cond" truecount="0" falsecount="2"/>
        <line num="145" count="0" type="stmt"/>
        <line num="150" count="0" type="cond" truecount="0" falsecount="2"/>
        <line num="152" count="0" type="stmt"/>
        <line num="154" count="0" type="stmt"/>
        <line num="157" count="0" type="stmt"/>
        <line num="159" count="0" type="stmt"/>
        <line num="161" count="0" type="stmt"/>
        <line num="167" count="3" type="stmt"/>
        <line num="168" count="3" type="stmt"/>
        <line num="169" count="3" type="stmt"/>
        <line num="170" count="3" type="stmt"/>
        <line num="172" count="3" type="stmt"/>
        <line num="174" count="226" type="stmt"/>
        <line num="177" count="226" type="cond" truecount="2" falsecount="0"/>
        <line num="178" count="2" type="stmt"/>
        <line num="179" count="2" type="stmt"/>
        <line num="183" count="224" type="cond" truecount="1" falsecount="1"/>
        <line num="184" count="0" type="stmt"/>
        <line num="185" count="0" type="cond" truecount="0" falsecount="2"/>
        <line num="186" count="0" type="stmt"/>
        <line num="187" count="0" type="stmt"/>
        <line num="191" count="224" type="stmt"/>
        <line num="192" count="224" type="cond" truecount="1" falsecount="1"/>
        <line num="193" count="0" type="stmt"/>
        <line num="196" count="224" type="stmt"/>
        <line num="199" count="0" type="stmt"/>
        <line num="200" count="0" type="stmt"/>
      </file>
      <file name="entryFormSchema.ts" path="C:\Users\azari\OneDrive\Desktop\Programacion\share-it-web\src\components\SocialLinks\schema\entryFormSchema.ts">
        <metrics statements="100" coveredstatements="92" conditionals="119" coveredconditionals="74" methods="45" coveredmethods="40"/>
        <line num="1" count="3" type="stmt"/>
        <line num="2" count="3" type="stmt"/>
        <line num="5" count="3" type="stmt"/>
        <line num="11" count="3" type="stmt"/>
        <line num="14" count="3" type="stmt"/>
        <line num="92" count="3" type="stmt"/>
        <line num="95" count="3" type="stmt"/>
        <line num="96" count="3" type="stmt"/>
        <line num="97" count="3" type="stmt"/>
        <line num="98" count="3" type="stmt"/>
        <line num="99" count="3" type="stmt"/>
        <line num="100" count="3" type="stmt"/>
        <line num="101" count="3" type="stmt"/>
        <line num="102" count="3" type="stmt"/>
        <line num="103" count="3" type="stmt"/>
        <line num="106" count="3" type="stmt"/>
        <line num="107" count="3" type="stmt"/>
        <line num="108" count="3" type="stmt"/>
        <line num="109" count="3" type="stmt"/>
        <line num="112" count="3" type="stmt"/>
        <line num="115" count="3" type="stmt"/>
        <line num="116" count="862" type="cond" truecount="3" falsecount="1"/>
        <line num="119" count="862" type="stmt"/>
        <line num="127" count="862" type="stmt"/>
        <line num="128" count="237593" type="stmt"/>
        <line num="133" count="3" type="stmt"/>
        <line num="134" count="2711" type="cond" truecount="3" falsecount="1"/>
        <line num="136" count="2711" type="cond" truecount="4" falsecount="0"/>
        <line num="143" count="3" type="stmt"/>
        <line num="144" count="0" type="cond" truecount="0" falsecount="4"/>
        <line num="147" count="0" type="cond" truecount="0" falsecount="2"/>
        <line num="149" count="0" type="stmt"/>
        <line num="153" count="3" type="stmt"/>
        <line num="202" count="3" type="stmt"/>
        <line num="274" count="3" type="stmt"/>
        <line num="275" count="904" type="cond" truecount="3" falsecount="1"/>
        <line num="278" count="904" type="cond" truecount="2" falsecount="0"/>
        <line num="279" count="2" type="stmt"/>
        <line num="280" count="2" type="stmt"/>
        <line num="284" count="902" type="cond" truecount="2" falsecount="0"/>
        <line num="285" count="40" type="stmt"/>
        <line num="286" count="40" type="stmt"/>
        <line num="289" count="862" type="stmt"/>
        <line num="292" count="862" type="stmt"/>
        <line num="293" count="237196" type="stmt"/>
        <line num="297" count="862" type="stmt"/>
        <line num="300" count="862" type="stmt"/>
        <line num="301" count="862" type="stmt"/>
        <line num="302" count="862" type="stmt"/>
        <line num="304" count="862" type="cond" truecount="5" falsecount="0"/>
        <line num="306" count="862" type="cond" truecount="2" falsecount="0"/>
        <line num="307" count="43" type="stmt"/>
        <line num="316" count="862" type="stmt"/>
        <line num="319" count="3" type="stmt"/>
        <line num="327" count="227" type="cond" truecount="1" falsecount="1"/>
        <line num="330" count="227" type="cond" truecount="1" falsecount="1"/>
        <line num="349" count="226" type="cond" truecount="1" falsecount="1"/>
        <line num="360" count="226" type="cond" truecount="1" falsecount="1"/>
        <line num="369" count="226" type="cond" truecount="1" falsecount="1"/>
        <line num="377" count="227" type="cond" truecount="1" falsecount="1"/>
        <line num="380" count="227" type="cond" truecount="1" falsecount="1"/>
        <line num="383" count="227" type="cond" truecount="1" falsecount="1"/>
        <line num="391" count="226" type="cond" truecount="1" falsecount="1"/>
        <line num="394" count="226" type="cond" truecount="1" falsecount="1"/>
        <line num="397" count="226" type="cond" truecount="1" falsecount="1"/>
        <line num="404" count="0" type="stmt"/>
        <line num="408" count="0" type="cond" truecount="0" falsecount="2"/>
        <line num="411" count="0" type="cond" truecount="0" falsecount="2"/>
        <line num="413" count="454" type="stmt"/>
        <line num="424" count="226" type="cond" truecount="1" falsecount="1"/>
        <line num="427" count="226" type="cond" truecount="1" falsecount="1"/>
        <line num="430" count="226" type="cond" truecount="1" falsecount="1"/>
        <line num="437" count="227" type="cond" truecount="1" falsecount="1"/>
        <line num="440" count="227" type="cond" truecount="1" falsecount="1"/>
        <line num="443" count="227" type="cond" truecount="1" falsecount="1"/>
        <line num="451" count="227" type="cond" truecount="1" falsecount="1"/>
        <line num="454" count="227" type="cond" truecount="1" falsecount="1"/>
        <line num="463" count="226" type="cond" truecount="1" falsecount="1"/>
        <line num="466" count="226" type="cond" truecount="1" falsecount="1"/>
        <line num="475" count="227" type="cond" truecount="1" falsecount="1"/>
        <line num="478" count="227" type="cond" truecount="1" falsecount="1"/>
        <line num="487" count="227" type="cond" truecount="1" falsecount="1"/>
        <line num="490" count="227" type="cond" truecount="1" falsecount="1"/>
        <line num="499" count="227" type="cond" truecount="1" falsecount="1"/>
        <line num="502" count="227" type="cond" truecount="1" falsecount="1"/>
        <line num="510" count="227" type="cond" truecount="1" falsecount="1"/>
        <line num="513" count="227" type="cond" truecount="1" falsecount="1"/>
        <line num="516" count="227" type="cond" truecount="1" falsecount="1"/>
        <line num="526" count="226" type="cond" truecount="2" falsecount="0"/>
        <line num="529" count="226" type="cond" truecount="2" falsecount="0"/>
        <line num="532" count="226" type="cond" truecount="2" falsecount="0"/>
        <line num="535" count="226" type="cond" truecount="1" falsecount="1"/>
        <line num="537" count="226" type="stmt"/>
        <line num="538" count="226" type="cond" truecount="1" falsecount="1"/>
        <line num="539" count="226" type="stmt"/>
        <line num="540" count="226" type="cond" truecount="2" falsecount="0"/>
        <line num="541" count="2" type="stmt"/>
        <line num="543" count="226" type="stmt"/>
        <line num="545" count="0" type="stmt"/>
        <line num="546" count="0" type="stmt"/>
      </file>
    </package>
    <package name="src.components.forms">
      <metrics statements="3" coveredstatements="0" conditionals="2" coveredconditionals="0" methods="1" coveredmethods="0"/>
      <file name="InputField.tsx" path="C:\Users\azari\OneDrive\Desktop\Programacion\share-it-web\src\components\forms\InputField.tsx">
        <metrics statements="3" coveredstatements="0" conditionals="2" coveredconditionals="0" methods="1" coveredmethods="0"/>
        <line num="1" count="0" type="stmt"/>
        <line num="9" count="0" type="stmt"/>
        <line num="10" count="0" type="stmt"/>
      </file>
    </package>
    <package name="src.helpers">
      <metrics statements="23" coveredstatements="0" conditionals="0" coveredconditionals="0" methods="8" coveredmethods="0"/>
      <file name="tagHelper.ts" path="C:\Users\azari\OneDrive\Desktop\Programacion\share-it-web\src\helpers\tagHelper.ts">
        <metrics statements="23" coveredstatements="0" conditionals="0" coveredconditionals="0" methods="8" coveredmethods="0"/>
        <line num="1" count="0" type="stmt"/>
        <line num="3" count="0" type="stmt"/>
        <line num="4" count="0" type="stmt"/>
        <line num="5" count="0" type="stmt"/>
        <line num="7" count="0" type="stmt"/>
        <line num="10" count="0" type="stmt"/>
        <line num="11" count="0" type="stmt"/>
        <line num="12" count="0" type="stmt"/>
        <line num="13" count="0" type="stmt"/>
        <line num="14" count="0" type="stmt"/>
        <line num="15" count="0" type="stmt"/>
        <line num="18" count="0" type="stmt"/>
        <line num="21" count="0" type="stmt"/>
        <line num="22" count="0" type="stmt"/>
        <line num="23" count="0" type="stmt"/>
        <line num="25" count="0" type="stmt"/>
        <line num="28" count="0" type="stmt"/>
        <line num="29" count="0" type="stmt"/>
        <line num="30" count="0" type="stmt"/>
        <line num="31" count="0" type="stmt"/>
        <line num="32" count="0" type="stmt"/>
        <line num="33" count="0" type="stmt"/>
        <line num="36" count="0" type="stmt"/>
      </file>
    </package>
    <package name="src.store">
      <metrics statements="4" coveredstatements="0" conditionals="0" coveredconditionals="0" methods="3" coveredmethods="0"/>
      <file name="FormEntryStore.tsx" path="C:\Users\azari\OneDrive\Desktop\Programacion\share-it-web\src\store\FormEntryStore.tsx">
        <metrics statements="4" coveredstatements="0" conditionals="0" coveredconditionals="0" methods="3" coveredmethods="0"/>
        <line num="1" count="0" type="stmt"/>
        <line num="9" count="0" type="stmt"/>
        <line num="11" count="0" type="stmt"/>
        <line num="12" count="0" type="stmt"/>
      </file>
    </package>
    <package name="src.utils">
      <metrics statements="15" coveredstatements="0" conditionals="2" coveredconditionals="0" methods="5" coveredmethods="0"/>
      <file name="aboutUs.ts" path="C:\Users\azari\OneDrive\Desktop\Programacion\share-it-web\src\utils\aboutUs.ts">
        <metrics statements="4" coveredstatements="0" conditionals="0" coveredconditionals="0" methods="0" coveredmethods="0"/>
        <line num="1" count="0" type="stmt"/>
        <line num="2" count="0" type="stmt"/>
        <line num="17" count="0" type="stmt"/>
        <line num="50" count="0" type="stmt"/>
      </file>
      <file name="categories.ts" path="C:\Users\azari\OneDrive\Desktop\Programacion\share-it-web\src\utils\categories.ts">
        <metrics statements="6" coveredstatements="0" conditionals="2" coveredconditionals="0" methods="4" coveredmethods="0"/>
        <line num="2" count="0" type="stmt"/>
        <line num="3" count="0" type="stmt"/>
        <line num="4" count="0" type="stmt"/>
        <line num="9" count="0" type="stmt"/>
        <line num="13" count="0" type="cond" truecount="0" falsecount="2"/>
        <line num="14" count="0" type="stmt"/>
      </file>
      <file name="dates.ts" path="C:\Users\azari\OneDrive\Desktop\Programacion\share-it-web\src\utils\dates.ts">
        <metrics statements="3" coveredstatements="0" conditionals="0" coveredconditionals="0" methods="1" coveredmethods="0"/>
        <line num="1" count="0" type="stmt"/>
        <line num="2" count="0" type="stmt"/>
        <line num="3" count="0" type="stmt"/>
      </file>
      <file name="talents.ts" path="C:\Users\azari\OneDrive\Desktop\Programacion\share-it-web\src\utils\talents.ts">
        <metrics statements="2" coveredstatements="0" conditionals="0" coveredconditionals="0" methods="0" coveredmethods="0"/>
        <line num="43" count="0" type="stmt"/>
        <line num="53" count="0" type="stmt"/>
      </file>
    </package>
  </project>
</coverage>
