{"C:\\Users\\azari\\OneDrive\\Desktop\\Programacion\\share-it-web\\src\\content.config.ts": {"path":"C:\\Users\\azari\\OneDrive\\Desktop\\Programacion\\share-it-web\\src\\content.config.ts","statementMap":{"0":{"start":{"line":1,"column":0},"end":{"line":1,"column":62}},"1":{"start":{"line":2,"column":0},"end":{"line":2,"column":42}},"2":{"start":{"line":4,"column":21},"end":{"line":13,"column":2}},"3":{"start":{"line":15,"column":22},"end":{"line":22,"column":2}},"4":{"start":{"line":18,"column":38},"end":{"line":18,"column":65}},"5":{"start":{"line":24,"column":18},"end":{"line":28,"column":2}},"6":{"start":{"line":30,"column":23},"end":{"line":37,"column":2}},"7":{"start":{"line":35,"column":38},"end":{"line":35,"column":65}},"8":{"start":{"line":39,"column":17},"end":{"line":42,"column":2}},"9":{"start":{"line":44,"column":16},"end":{"line":47,"column":2}},"10":{"start":{"line":49,"column":13},"end":{"line":52,"column":2}},"11":{"start":{"line":54,"column":18},"end":{"line":57,"column":2}},"12":{"start":{"line":59,"column":13},"end":{"line":64,"column":null}}},"fnMap":{"0":{"name":"(anonymous_0)","decl":{"start":{"line":18,"column":29},"end":{"line":18,"column":30}},"loc":{"start":{"line":18,"column":38},"end":{"line":18,"column":65}}},"1":{"name":"(anonymous_1)","decl":{"start":{"line":35,"column":29},"end":{"line":35,"column":30}},"loc":{"start":{"line":35,"column":38},"end":{"line":35,"column":65}}}},"branchMap":{},"s":{"0":0,"1":0,"2":0,"3":0,"4":0,"5":0,"6":0,"7":0,"8":0,"9":0,"10":0,"11":0,"12":0},"f":{"0":0,"1":0},"b":{}}
,"C:\\Users\\azari\\OneDrive\\Desktop\\Programacion\\share-it-web\\src\\components\\HelloFromReact.tsx": {"path":"C:\\Users\\azari\\OneDrive\\Desktop\\Programacion\\share-it-web\\src\\components\\HelloFromReact.tsx","statementMap":{"0":{"start":{"line":1,"column":0},"end":{"line":1,"column":26}},"1":{"start":{"line":3,"column":33},"end":{"line":10,"column":1}},"2":{"start":{"line":4,"column":2},"end":{"line":9,"column":4}},"3":{"start":{"line":12,"column":0},"end":{"line":12,"column":30}}},"fnMap":{"0":{"name":"(anonymous_1)","decl":{"start":{"line":3,"column":33},"end":{"line":3,"column":36}},"loc":{"start":{"line":3,"column":38},"end":{"line":10,"column":1}}}},"branchMap":{},"s":{"0":0,"1":0,"2":0,"3":0},"f":{"0":0},"b":{}}
,"C:\\Users\\azari\\OneDrive\\Desktop\\Programacion\\share-it-web\\src\\components\\IndexWithModal.tsx": {"path":"C:\\Users\\azari\\OneDrive\\Desktop\\Programacion\\share-it-web\\src\\components\\IndexWithModal.tsx","statementMap":{"0":{"start":{"line":4,"column":0},"end":{"line":4,"column":16}},"1":{"start":{"line":1,"column":0},"end":{"line":1,"column":40}},"2":{"start":{"line":2,"column":0},"end":{"line":2,"column":66}},"3":{"start":{"line":5,"column":34},"end":{"line":5,"column":49}},"4":{"start":{"line":6,"column":19},"end":{"line":6,"column":42}},"5":{"start":{"line":6,"column":25},"end":{"line":6,"column":42}},"6":{"start":{"line":7,"column":20},"end":{"line":7,"column":44}},"7":{"start":{"line":7,"column":26},"end":{"line":7,"column":44}},"8":{"start":{"line":9,"column":2},"end":{"line":28,"column":4}}},"fnMap":{"0":{"name":"IndexWithModal","decl":{"start":{"line":4,"column":16},"end":{"line":4,"column":30}},"loc":{"start":{"line":4,"column":30},"end":{"line":29,"column":1}}},"1":{"name":"(anonymous_10)","decl":{"start":{"line":6,"column":19},"end":{"line":6,"column":22}},"loc":{"start":{"line":6,"column":25},"end":{"line":6,"column":42}}},"2":{"name":"(anonymous_11)","decl":{"start":{"line":7,"column":20},"end":{"line":7,"column":23}},"loc":{"start":{"line":7,"column":26},"end":{"line":7,"column":44}}}},"branchMap":{"0":{"loc":{"start":{"line":12,"column":7},"end":{"line":25,"column":null}},"type":"binary-expr","locations":[{"start":{"line":12,"column":7},"end":{"line":12,"column":15}},{"start":{"line":13,"column":8},"end":{"line":24,"column":null}}]}},"s":{"0":0,"1":0,"2":0,"3":0,"4":0,"5":0,"6":0,"7":0,"8":0},"f":{"0":0,"1":0,"2":0},"b":{"0":[0,0]}}
,"C:\\Users\\azari\\OneDrive\\Desktop\\Programacion\\share-it-web\\src\\components\\EntryForm\\EntryForm.tsx": {"path":"C:\\Users\\azari\\OneDrive\\Desktop\\Programacion\\share-it-web\\src\\components\\EntryForm\\EntryForm.tsx","statementMap":{"0":{"start":{"line":1,"column":0},"end":{"line":1,"column":26}},"1":{"start":{"line":2,"column":0},"end":{"line":2,"column":42}},"2":{"start":{"line":4,"column":0},"end":{"line":4,"column":54}},"3":{"start":{"line":5,"column":0},"end":{"line":5,"column":87}},"4":{"start":{"line":6,"column":0},"end":{"line":6,"column":49}},"5":{"start":{"line":8,"column":19},"end":{"line":8,"column":91}},"6":{"start":{"line":23,"column":56},"end":{"line":58,"column":null}},"7":{"start":{"line":24,"column":2},"end":{"line":57,"column":null}},"8":{"start":{"line":61,"column":51},"end":{"line":91,"column":null}},"9":{"start":{"line":62,"column":2},"end":{"line":90,"column":null}},"10":{"start":{"line":94,"column":51},"end":{"line":183,"column":1}},"11":{"start":{"line":100,"column":6},"end":{"line":121,"column":4}},"12":{"start":{"line":123,"column":23},"end":{"line":123,"column":39}},"13":{"start":{"line":125,"column":19},"end":{"line":128,"column":3}},"14":{"start":{"line":126,"column":4},"end":{"line":126,"column":47}},"15":{"start":{"line":127,"column":4},"end":{"line":127,"column":14}},"16":{"start":{"line":130,"column":2},"end":{"line":182,"column":4}},"17":{"start":{"line":94,"column":13},"end":{"line":94,"column":51}}},"fnMap":{"0":{"name":"(anonymous_1)","decl":{"start":{"line":23,"column":56},"end":{"line":23,"column":57}},"loc":{"start":{"line":24,"column":2},"end":{"line":57,"column":null}}},"1":{"name":"(anonymous_2)","decl":{"start":{"line":61,"column":51},"end":{"line":61,"column":52}},"loc":{"start":{"line":62,"column":2},"end":{"line":90,"column":null}}},"2":{"name":"(anonymous_3)","decl":{"start":{"line":94,"column":51},"end":{"line":94,"column":52}},"loc":{"start":{"line":94,"column":67},"end":{"line":183,"column":1}}},"3":{"name":"(anonymous_4)","decl":{"start":{"line":125,"column":19},"end":{"line":125,"column":20}},"loc":{"start":{"line":125,"column":38},"end":{"line":128,"column":3}}}},"branchMap":{"0":{"loc":{"start":{"line":50,"column":5},"end":{"line":56,"column":null}},"type":"binary-expr","locations":[{"start":{"line":50,"column":5},"end":{"line":50,"column":28}},{"start":{"line":51,"column":6},"end":{"line":55,"column":null}}]},"1":{"loc":{"start":{"line":146,"column":73},"end":{"line":146,"column":91}},"type":"binary-expr","locations":[{"start":{"line":146,"column":73},"end":{"line":146,"column":85}},{"start":{"line":146,"column":89},"end":{"line":146,"column":91}}]}},"s":{"0":0,"1":0,"2":0,"3":0,"4":0,"5":0,"6":0,"7":0,"8":0,"9":0,"10":0,"11":0,"12":0,"13":0,"14":0,"15":0,"16":0,"17":0},"f":{"0":0,"1":0,"2":0,"3":0},"b":{"0":[0,0],"1":[0,0]}}
,"C:\\Users\\azari\\OneDrive\\Desktop\\Programacion\\share-it-web\\src\\components\\SocialLinks\\SocialContainer.tsx": {"path":"C:\\Users\\azari\\OneDrive\\Desktop\\Programacion\\share-it-web\\src\\components\\SocialLinks\\SocialContainer.tsx","statementMap":{"0":{"start":{"line":1,"column":0},"end":{"line":1,"column":26}},"1":{"start":{"line":2,"column":0},"end":{"line":2,"column":24}},"2":{"start":{"line":12,"column":60},"end":{"line":38,"column":1}},"3":{"start":{"line":19,"column":2},"end":{"line":37,"column":4}},"4":{"start":{"line":12,"column":13},"end":{"line":12,"column":60}}},"fnMap":{"0":{"name":"(anonymous_1)","decl":{"start":{"line":12,"column":60},"end":{"line":12,"column":61}},"loc":{"start":{"line":18,"column":5},"end":{"line":38,"column":1}}}},"branchMap":{"0":{"loc":{"start":{"line":16,"column":2},"end":{"line":16,"column":24}},"type":"default-arg","locations":[{"start":{"line":16,"column":15},"end":{"line":16,"column":24}}]},"1":{"loc":{"start":{"line":17,"column":2},"end":{"line":17,"column":29}},"type":"default-arg","locations":[{"start":{"line":17,"column":14},"end":{"line":17,"column":29}}]}},"s":{"0":0,"1":0,"2":0,"3":0,"4":0},"f":{"0":0},"b":{"0":[0],"1":[0]}}
,"C:\\Users\\azari\\OneDrive\\Desktop\\Programacion\\share-it-web\\src\\components\\SocialLinks\\SocialLinks.tsx": {"path":"C:\\Users\\azari\\OneDrive\\Desktop\\Programacion\\share-it-web\\src\\components\\SocialLinks\\SocialLinks.tsx","statementMap":{"0":{"start":{"line":1,"column":0},"end":{"line":1,"column":40}},"1":{"start":{"line":2,"column":0},"end":{"line":2,"column":24}},"2":{"start":{"line":3,"column":0},"end":{"line":3,"column":48}},"3":{"start":{"line":4,"column":0},"end":{"line":4,"column":44}},"4":{"start":{"line":5,"column":0},"end":{"line":5,"column":60}},"5":{"start":{"line":6,"column":0},"end":{"line":6,"column":52}},"6":{"start":{"line":8,"column":37},"end":{"line":44,"column":1}},"7":{"start":{"line":9,"column":38},"end":{"line":9,"column":53}},"8":{"start":{"line":11,"column":19},"end":{"line":13,"column":3}},"9":{"start":{"line":12,"column":4},"end":{"line":12,"column":35}},"10":{"start":{"line":12,"column":28},"end":{"line":12,"column":33}},"11":{"start":{"line":15,"column":19},"end":{"line":15,"column":39}},"12":{"start":{"line":17,"column":2},"end":{"line":43,"column":4}},"13":{"start":{"line":30,"column":25},"end":{"line":30,"column":70}},"14":{"start":{"line":38,"column":38},"end":{"line":38,"column":58}},"15":{"start":{"line":8,"column":13},"end":{"line":8,"column":37}}},"fnMap":{"0":{"name":"(anonymous_10)","decl":{"start":{"line":8,"column":37},"end":{"line":8,"column":40}},"loc":{"start":{"line":8,"column":42},"end":{"line":44,"column":1}}},"1":{"name":"(anonymous_11)","decl":{"start":{"line":11,"column":19},"end":{"line":11,"column":22}},"loc":{"start":{"line":11,"column":24},"end":{"line":13,"column":3}}},"2":{"name":"(anonymous_12)","decl":{"start":{"line":12,"column":18},"end":{"line":12,"column":19}},"loc":{"start":{"line":12,"column":28},"end":{"line":12,"column":33}}},"3":{"name":"(anonymous_13)","decl":{"start":{"line":30,"column":19},"end":{"line":30,"column":22}},"loc":{"start":{"line":30,"column":25},"end":{"line":30,"column":70}}},"4":{"name":"(anonymous_14)","decl":{"start":{"line":38,"column":32},"end":{"line":38,"column":35}},"loc":{"start":{"line":38,"column":38},"end":{"line":38,"column":58}}}},"branchMap":{"0":{"loc":{"start":{"line":35,"column":7},"end":{"line":40,"column":null}},"type":"binary-expr","locations":[{"start":{"line":35,"column":7},"end":{"line":35,"column":17}},{"start":{"line":36,"column":8},"end":{"line":39,"column":null}}]}},"s":{"0":0,"1":0,"2":0,"3":0,"4":0,"5":0,"6":0,"7":0,"8":0,"9":0,"10":0,"11":0,"12":0,"13":0,"14":0,"15":0},"f":{"0":0,"1":0,"2":0,"3":0,"4":0},"b":{"0":[0,0]}}
,"C:\\Users\\azari\\OneDrive\\Desktop\\Programacion\\share-it-web\\src\\components\\SocialLinks\\schema\\enterpriseConfig.ts": {"path":"C:\\Users\\azari\\OneDrive\\Desktop\\Programacion\\share-it-web\\src\\components\\SocialLinks\\schema\\enterpriseConfig.ts","statementMap":{"0":{"start":{"line":28,"column":13},"end":{"line":37,"column":2}},"1":{"start":{"line":48,"column":7},"end":{"line":48,"column":9}},"2":{"start":{"line":51,"column":4},"end":{"line":53,"column":5}},"3":{"start":{"line":52,"column":6},"end":{"line":52,"column":57}},"4":{"start":{"line":54,"column":4},"end":{"line":54,"column":37}},"5":{"start":{"line":58,"column":21},"end":{"line":64,"column":6}},"6":{"start":{"line":66,"column":4},"end":{"line":66,"column":29}},"7":{"start":{"line":69,"column":4},"end":{"line":74,"column":5}},"8":{"start":{"line":70,"column":6},"end":{"line":73,"column":9}},"9":{"start":{"line":78,"column":4},"end":{"line":78,"column":21}},"10":{"start":{"line":82,"column":4},"end":{"line":82,"column":19}},"11":{"start":{"line":40,"column":0},"end":{"line":40,"column":13}},"12":{"start":{"line":92,"column":4},"end":{"line":92,"column":25}},"13":{"start":{"line":93,"column":4},"end":{"line":93,"column":49}},"14":{"start":{"line":101,"column":4},"end":{"line":107,"column":5}},"15":{"start":{"line":102,"column":6},"end":{"line":106,"column":8}},"16":{"start":{"line":109,"column":4},"end":{"line":130,"column":5}},"17":{"start":{"line":112,"column":26},"end":{"line":112,"column":69}},"18":{"start":{"line":114,"column":21},"end":{"line":118,"column":8}},"19":{"start":{"line":120,"column":6},"end":{"line":120,"column":93}},"20":{"start":{"line":122,"column":6},"end":{"line":122,"column":20}},"21":{"start":{"line":124,"column":6},"end":{"line":124,"column":68}},"22":{"start":{"line":125,"column":6},"end":{"line":129,"column":8}},"23":{"start":{"line":135,"column":31},"end":{"line":139,"column":6}},"24":{"start":{"line":141,"column":24},"end":{"line":143,"column":9}},"25":{"start":{"line":142,"column":6},"end":{"line":142,"column":50}},"26":{"start":{"line":145,"column":4},"end":{"line":145,"column":36}},"27":{"start":{"line":150,"column":4},"end":{"line":150,"column":46}},"28":{"start":{"line":150,"column":39},"end":{"line":150,"column":46}},"29":{"start":{"line":152,"column":4},"end":{"line":162,"column":5}},"30":{"start":{"line":154,"column":6},"end":{"line":154,"column":71}},"31":{"start":{"line":157,"column":6},"end":{"line":157,"column":62}},"32":{"start":{"line":157,"column":35},"end":{"line":157,"column":60}},"33":{"start":{"line":159,"column":6},"end":{"line":159,"column":70}},"34":{"start":{"line":161,"column":6},"end":{"line":161,"column":65}},"35":{"start":{"line":87,"column":0},"end":{"line":87,"column":13}},"36":{"start":{"line":167,"column":41},"end":{"line":202,"column":1}},"37":{"start":{"line":168,"column":21},"end":{"line":168,"column":62}},"38":{"start":{"line":169,"column":18},"end":{"line":169,"column":61}},"39":{"start":{"line":170,"column":17},"end":{"line":170,"column":47}},"40":{"start":{"line":172,"column":2},"end":{"line":201,"column":4}},"41":{"start":{"line":174,"column":24},"end":{"line":174,"column":34}},"42":{"start":{"line":177,"column":6},"end":{"line":180,"column":7}},"43":{"start":{"line":178,"column":8},"end":{"line":178,"column":58}},"44":{"start":{"line":179,"column":8},"end":{"line":179,"column":60}},"45":{"start":{"line":183,"column":6},"end":{"line":189,"column":7}},"46":{"start":{"line":184,"column":31},"end":{"line":184,"column":78}},"47":{"start":{"line":185,"column":8},"end":{"line":188,"column":9}},"48":{"start":{"line":186,"column":10},"end":{"line":186,"column":109}},"49":{"start":{"line":187,"column":10},"end":{"line":187,"column":72}},"50":{"start":{"line":191,"column":29},"end":{"line":191,"column":51}},"51":{"start":{"line":192,"column":6},"end":{"line":194,"column":7}},"52":{"start":{"line":193,"column":8},"end":{"line":193,"column":63}},"53":{"start":{"line":196,"column":6},"end":{"line":196,"column":31}},"54":{"start":{"line":199,"column":19},"end":{"line":199,"column":35}},"55":{"start":{"line":200,"column":27},"end":{"line":200,"column":52}},"56":{"start":{"line":167,"column":13},"end":{"line":167,"column":41}}},"fnMap":{"0":{"name":"(anonymous_0)","decl":{"start":{"line":50,"column":2},"end":{"line":50,"column":8}},"loc":{"start":{"line":50,"column":20},"end":{"line":55,"column":3}}},"1":{"name":"(anonymous_1)","decl":{"start":{"line":57,"column":2},"end":{"line":57,"column":5}},"loc":{"start":{"line":57,"column":80},"end":{"line":75,"column":3}}},"2":{"name":"(anonymous_2)","decl":{"start":{"line":77,"column":2},"end":{"line":77,"column":9}},"loc":{"start":{"line":77,"column":9},"end":{"line":79,"column":3}}},"3":{"name":"(anonymous_3)","decl":{"start":{"line":81,"column":2},"end":{"line":81,"column":11}},"loc":{"start":{"line":81,"column":11},"end":{"line":83,"column":3}}},"4":{"name":"(anonymous_4)","decl":{"start":{"line":91,"column":2},"end":{"line":91,"column":14}},"loc":{"start":{"line":91,"column":74},"end":{"line":94,"column":3}}},"5":{"name":"(anonymous_5)","decl":{"start":{"line":96,"column":2},"end":{"line":96,"column":7}},"loc":{"start":{"line":96,"column":48},"end":{"line":131,"column":3}}},"6":{"name":"(anonymous_6)","decl":{"start":{"line":133,"column":10},"end":{"line":133,"column":15}},"loc":{"start":{"line":133,"column":55},"end":{"line":146,"column":3}}},"7":{"name":"(anonymous_7)","decl":{"start":{"line":141,"column":50},"end":{"line":141,"column":51}},"loc":{"start":{"line":141,"column":69},"end":{"line":143,"column":5}}},"8":{"name":"(anonymous_8)","decl":{"start":{"line":149,"column":2},"end":{"line":149,"column":7}},"loc":{"start":{"line":149,"column":23},"end":{"line":163,"column":3}}},"9":{"name":"(anonymous_9)","decl":{"start":{"line":157,"column":24},"end":{"line":157,"column":31}},"loc":{"start":{"line":157,"column":35},"end":{"line":157,"column":60}}},"10":{"name":"(anonymous_10)","decl":{"start":{"line":167,"column":41},"end":{"line":167,"column":42}},"loc":{"start":{"line":167,"column":90},"end":{"line":202,"column":1}}},"11":{"name":"(anonymous_11)","decl":{"start":{"line":173,"column":14},"end":{"line":173,"column":19}},"loc":{"start":{"line":173,"column":37},"end":{"line":197,"column":5}}},"12":{"name":"(anonymous_12)","decl":{"start":{"line":199,"column":13},"end":{"line":199,"column":16}},"loc":{"start":{"line":199,"column":19},"end":{"line":199,"column":35}}},"13":{"name":"(anonymous_13)","decl":{"start":{"line":200,"column":21},"end":{"line":200,"column":24}},"loc":{"start":{"line":200,"column":27},"end":{"line":200,"column":52}}}},"branchMap":{"0":{"loc":{"start":{"line":51,"column":4},"end":{"line":53,"column":5}},"type":"if","locations":[{"start":{"line":51,"column":4},"end":{"line":53,"column":5}},{"start":{},"end":{}}]},"1":{"loc":{"start":{"line":69,"column":4},"end":{"line":74,"column":5}},"type":"if","locations":[{"start":{"line":69,"column":4},"end":{"line":74,"column":5}},{"start":{},"end":{}}]},"2":{"loc":{"start":{"line":91,"column":14},"end":{"line":91,"column":74}},"type":"default-arg","locations":[{"start":{"line":91,"column":51},"end":{"line":91,"column":74}}]},"3":{"loc":{"start":{"line":101,"column":4},"end":{"line":107,"column":5}},"type":"if","locations":[{"start":{"line":101,"column":4},"end":{"line":107,"column":5}},{"start":{},"end":{}}]},"4":{"loc":{"start":{"line":117,"column":25},"end":{"line":117,"column":72}},"type":"cond-expr","locations":[{"start":{"line":117,"column":43},"end":{"line":117,"column":67}},{"start":{"line":117,"column":70},"end":{"line":117,"column":72}}]},"5":{"loc":{"start":{"line":142,"column":22},"end":{"line":142,"column":48}},"type":"cond-expr","locations":[{"start":{"line":142,"column":43},"end":{"line":142,"column":44}},{"start":{"line":142,"column":47},"end":{"line":142,"column":48}}]},"6":{"loc":{"start":{"line":150,"column":4},"end":{"line":150,"column":46}},"type":"if","locations":[{"start":{"line":150,"column":4},"end":{"line":150,"column":46}},{"start":{},"end":{}}]},"7":{"loc":{"start":{"line":177,"column":6},"end":{"line":180,"column":7}},"type":"if","locations":[{"start":{"line":177,"column":6},"end":{"line":180,"column":7}},{"start":{},"end":{}}]},"8":{"loc":{"start":{"line":183,"column":6},"end":{"line":189,"column":7}},"type":"if","locations":[{"start":{"line":183,"column":6},"end":{"line":189,"column":7}},{"start":{},"end":{}}]},"9":{"loc":{"start":{"line":185,"column":8},"end":{"line":188,"column":9}},"type":"if","locations":[{"start":{"line":185,"column":8},"end":{"line":188,"column":9}},{"start":{},"end":{}}]},"10":{"loc":{"start":{"line":192,"column":6},"end":{"line":194,"column":7}},"type":"if","locations":[{"start":{"line":192,"column":6},"end":{"line":194,"column":7}},{"start":{},"end":{}}]}},"s":{"0":3,"1":3,"2":9,"3":3,"4":9,"5":89,"6":89,"7":89,"8":0,"9":0,"10":0,"11":3,"12":3,"13":3,"14":0,"15":0,"16":0,"17":0,"18":0,"19":0,"20":0,"21":0,"22":0,"23":0,"24":0,"25":0,"26":0,"27":0,"28":0,"29":0,"30":0,"31":0,"32":0,"33":0,"34":0,"35":3,"36":3,"37":3,"38":3,"39":3,"40":3,"41":226,"42":226,"43":2,"44":2,"45":224,"46":0,"47":0,"48":0,"49":0,"50":224,"51":224,"52":0,"53":224,"54":0,"55":0,"56":3},"f":{"0":9,"1":89,"2":0,"3":0,"4":3,"5":0,"6":0,"7":0,"8":0,"9":0,"10":3,"11":226,"12":0,"13":0},"b":{"0":[3,6],"1":[0,89],"2":[0],"3":[0,0],"4":[0,0],"5":[0,0],"6":[0,0],"7":[2,224],"8":[0,224],"9":[0,0],"10":[0,224]}}
,"C:\\Users\\azari\\OneDrive\\Desktop\\Programacion\\share-it-web\\src\\components\\SocialLinks\\schema\\entryFormSchema.ts": {"path":"C:\\Users\\azari\\OneDrive\\Desktop\\Programacion\\share-it-web\\src\\components\\SocialLinks\\schema\\entryFormSchema.ts","statementMap":{"0":{"start":{"line":1,"column":0},"end":{"line":1,"column":27}},"1":{"start":{"line":2,"column":0},"end":{"line":2,"column":81}},"2":{"start":{"line":5,"column":28},"end":{"line":9,"column":2}},"3":{"start":{"line":11,"column":15},"end":{"line":11,"column":45}},"4":{"start":{"line":14,"column":29},"end":{"line":89,"column":2}},"5":{"start":{"line":92,"column":32},"end":{"line":92,"column":61}},"6":{"start":{"line":95,"column":27},"end":{"line":95,"column":46}},"7":{"start":{"line":96,"column":20},"end":{"line":96,"column":90}},"8":{"start":{"line":97,"column":20},"end":{"line":97,"column":88}},"9":{"start":{"line":98,"column":28},"end":{"line":98,"column":77}},"10":{"start":{"line":99,"column":19},"end":{"line":99,"column":47}},"11":{"start":{"line":100,"column":22},"end":{"line":100,"column":65}},"12":{"start":{"line":101,"column":20},"end":{"line":101,"column":61}},"13":{"start":{"line":102,"column":21},"end":{"line":102,"column":63}},"14":{"start":{"line":103,"column":19},"end":{"line":103,"column":83}},"15":{"start":{"line":106,"column":24},"end":{"line":106,"column":36}},"16":{"start":{"line":107,"column":23},"end":{"line":107,"column":46}},"17":{"start":{"line":108,"column":28},"end":{"line":108,"column":45}},"18":{"start":{"line":109,"column":28},"end":{"line":109,"column":58}},"19":{"start":{"line":112,"column":28},"end":{"line":112,"column":61}},"20":{"start":{"line":115,"column":23},"end":{"line":130,"column":1}},"21":{"start":{"line":116,"column":2},"end":{"line":116,"column":56}},"22":{"start":{"line":116,"column":43},"end":{"line":116,"column":56}},"23":{"start":{"line":119,"column":22},"end":{"line":124,"column":18}},"24":{"start":{"line":127,"column":2},"end":{"line":129,"column":4}},"25":{"start":{"line":128,"column":4},"end":{"line":128,"column":47}},"26":{"start":{"line":133,"column":38},"end":{"line":140,"column":1}},"27":{"start":{"line":134,"column":2},"end":{"line":134,"column":56}},"28":{"start":{"line":134,"column":43},"end":{"line":134,"column":56}},"29":{"start":{"line":136,"column":2},"end":{"line":139,"column":41}},"30":{"start":{"line":143,"column":23},"end":{"line":150,"column":1}},"31":{"start":{"line":144,"column":2},"end":{"line":144,"column":54}},"32":{"start":{"line":144,"column":41},"end":{"line":144,"column":54}},"33":{"start":{"line":147,"column":2},"end":{"line":147,"column":39}},"34":{"start":{"line":147,"column":26},"end":{"line":147,"column":39}},"35":{"start":{"line":149,"column":2},"end":{"line":149,"column":44}},"36":{"start":{"line":153,"column":20},"end":{"line":199,"column":2}},"37":{"start":{"line":202,"column":20},"end":{"line":271,"column":2}},"38":{"start":{"line":274,"column":37},"end":{"line":317,"column":1}},"39":{"start":{"line":275,"column":2},"end":{"line":275,"column":56}},"40":{"start":{"line":275,"column":43},"end":{"line":275,"column":56}},"41":{"start":{"line":278,"column":2},"end":{"line":281,"column":3}},"42":{"start":{"line":279,"column":4},"end":{"line":279,"column":65}},"43":{"start":{"line":280,"column":4},"end":{"line":280,"column":16}},"44":{"start":{"line":284,"column":2},"end":{"line":287,"column":3}},"45":{"start":{"line":285,"column":4},"end":{"line":285,"column":67}},"46":{"start":{"line":286,"column":4},"end":{"line":286,"column":16}},"47":{"start":{"line":289,"column":21},"end":{"line":289,"column":40}},"48":{"start":{"line":292,"column":27},"end":{"line":293,"column":null}},"49":{"start":{"line":293,"column":4},"end":{"line":293,"column":46}},"50":{"start":{"line":297,"column":34},"end":{"line":297,"column":55}},"51":{"start":{"line":300,"column":22},"end":{"line":300,"column":50}},"52":{"start":{"line":301,"column":22},"end":{"line":301,"column":45}},"53":{"start":{"line":302,"column":23},"end":{"line":302,"column":53}},"54":{"start":{"line":304,"column":24},"end":{"line":304,"column":113}},"55":{"start":{"line":306,"column":2},"end":{"line":314,"column":3}},"56":{"start":{"line":307,"column":4},"end":{"line":313,"column":23}},"57":{"start":{"line":316,"column":2},"end":{"line":316,"column":23}},"58":{"start":{"line":319,"column":13},"end":{"line":549,"column":3}},"59":{"start":{"line":327,"column":6},"end":{"line":327,"column":43}},"60":{"start":{"line":330,"column":6},"end":{"line":330,"column":49}},"61":{"start":{"line":349,"column":6},"end":{"line":349,"column":49}},"62":{"start":{"line":360,"column":6},"end":{"line":360,"column":49}},"63":{"start":{"line":369,"column":6},"end":{"line":369,"column":49}},"64":{"start":{"line":377,"column":6},"end":{"line":377,"column":52}},"65":{"start":{"line":380,"column":6},"end":{"line":380,"column":47}},"66":{"start":{"line":383,"column":6},"end":{"line":383,"column":53}},"67":{"start":{"line":391,"column":6},"end":{"line":391,"column":48}},"68":{"start":{"line":394,"column":6},"end":{"line":394,"column":43}},"69":{"start":{"line":397,"column":6},"end":{"line":397,"column":49}},"70":{"start":{"line":404,"column":22},"end":{"line":411,"column":null}},"71":{"start":{"line":408,"column":10},"end":{"line":408,"column":52}},"72":{"start":{"line":411,"column":10},"end":{"line":411,"column":53}},"73":{"start":{"line":413,"column":27},"end":{"line":413,"column":47}},"74":{"start":{"line":424,"column":6},"end":{"line":424,"column":48}},"75":{"start":{"line":427,"column":6},"end":{"line":427,"column":43}},"76":{"start":{"line":430,"column":6},"end":{"line":430,"column":49}},"77":{"start":{"line":437,"column":6},"end":{"line":437,"column":66}},"78":{"start":{"line":437,"column":43},"end":{"line":437,"column":65}},"79":{"start":{"line":440,"column":6},"end":{"line":440,"column":52}},"80":{"start":{"line":443,"column":6},"end":{"line":443,"column":53}},"81":{"start":{"line":451,"column":6},"end":{"line":451,"column":52}},"82":{"start":{"line":454,"column":6},"end":{"line":454,"column":53}},"83":{"start":{"line":463,"column":6},"end":{"line":463,"column":48}},"84":{"start":{"line":466,"column":6},"end":{"line":466,"column":49}},"85":{"start":{"line":475,"column":6},"end":{"line":475,"column":52}},"86":{"start":{"line":478,"column":6},"end":{"line":478,"column":53}},"87":{"start":{"line":487,"column":6},"end":{"line":487,"column":52}},"88":{"start":{"line":490,"column":6},"end":{"line":490,"column":53}},"89":{"start":{"line":499,"column":6},"end":{"line":499,"column":52}},"90":{"start":{"line":502,"column":6},"end":{"line":502,"column":53}},"91":{"start":{"line":510,"column":6},"end":{"line":510,"column":52}},"92":{"start":{"line":513,"column":6},"end":{"line":513,"column":47}},"93":{"start":{"line":516,"column":6},"end":{"line":516,"column":53}},"94":{"start":{"line":526,"column":6},"end":{"line":526,"column":52}},"95":{"start":{"line":529,"column":6},"end":{"line":529,"column":47}},"96":{"start":{"line":532,"column":6},"end":{"line":532,"column":53}},"97":{"start":{"line":535,"column":6},"end":{"line":535,"column":30}},"98":{"start":{"line":535,"column":18},"end":{"line":535,"column":30}},"99":{"start":{"line":537,"column":6},"end":{"line":547,"column":7}},"100":{"start":{"line":538,"column":28},"end":{"line":538,"column":39}},"101":{"start":{"line":539,"column":23},"end":{"line":539,"column":70}},"102":{"start":{"line":540,"column":8},"end":{"line":542,"column":9}},"103":{"start":{"line":541,"column":10},"end":{"line":541,"column":91}},"104":{"start":{"line":543,"column":8},"end":{"line":543,"column":30}},"105":{"start":{"line":545,"column":8},"end":{"line":545,"column":73}},"106":{"start":{"line":546,"column":8},"end":{"line":546,"column":20}}},"fnMap":{"0":{"name":"(anonymous_9)","decl":{"start":{"line":115,"column":23},"end":{"line":115,"column":24}},"loc":{"start":{"line":115,"column":50},"end":{"line":130,"column":1}}},"1":{"name":"(anonymous_10)","decl":{"start":{"line":127,"column":50},"end":{"line":127,"column":57}},"loc":{"start":{"line":128,"column":4},"end":{"line":128,"column":47}}},"2":{"name":"(anonymous_11)","decl":{"start":{"line":133,"column":38},"end":{"line":133,"column":39}},"loc":{"start":{"line":133,"column":65},"end":{"line":140,"column":1}}},"3":{"name":"(anonymous_12)","decl":{"start":{"line":143,"column":23},"end":{"line":143,"column":24}},"loc":{"start":{"line":143,"column":49},"end":{"line":150,"column":1}}},"4":{"name":"(anonymous_13)","decl":{"start":{"line":274,"column":37},"end":{"line":274,"column":38}},"loc":{"start":{"line":274,"column":64},"end":{"line":317,"column":1}}},"5":{"name":"(anonymous_14)","decl":{"start":{"line":292,"column":68},"end":{"line":292,"column":75}},"loc":{"start":{"line":293,"column":4},"end":{"line":293,"column":46}}},"6":{"name":"(anonymous_15)","decl":{"start":{"line":326,"column":42},"end":{"line":326,"column":47}},"loc":{"start":{"line":327,"column":6},"end":{"line":327,"column":43}}},"7":{"name":"(anonymous_16)","decl":{"start":{"line":329,"column":67},"end":{"line":329,"column":72}},"loc":{"start":{"line":330,"column":6},"end":{"line":330,"column":49}}},"8":{"name":"(anonymous_17)","decl":{"start":{"line":348,"column":67},"end":{"line":348,"column":72}},"loc":{"start":{"line":349,"column":6},"end":{"line":349,"column":49}}},"9":{"name":"(anonymous_18)","decl":{"start":{"line":359,"column":67},"end":{"line":359,"column":72}},"loc":{"start":{"line":360,"column":6},"end":{"line":360,"column":49}}},"10":{"name":"(anonymous_19)","decl":{"start":{"line":368,"column":67},"end":{"line":368,"column":72}},"loc":{"start":{"line":369,"column":6},"end":{"line":369,"column":49}}},"11":{"name":"(anonymous_20)","decl":{"start":{"line":376,"column":52},"end":{"line":376,"column":57}},"loc":{"start":{"line":377,"column":6},"end":{"line":377,"column":52}}},"12":{"name":"(anonymous_21)","decl":{"start":{"line":379,"column":42},"end":{"line":379,"column":47}},"loc":{"start":{"line":380,"column":6},"end":{"line":380,"column":47}}},"13":{"name":"(anonymous_22)","decl":{"start":{"line":382,"column":67},"end":{"line":382,"column":72}},"loc":{"start":{"line":383,"column":6},"end":{"line":383,"column":53}}},"14":{"name":"(anonymous_23)","decl":{"start":{"line":390,"column":52},"end":{"line":390,"column":57}},"loc":{"start":{"line":391,"column":6},"end":{"line":391,"column":48}}},"15":{"name":"(anonymous_24)","decl":{"start":{"line":393,"column":42},"end":{"line":393,"column":47}},"loc":{"start":{"line":394,"column":6},"end":{"line":394,"column":43}}},"16":{"name":"(anonymous_25)","decl":{"start":{"line":396,"column":67},"end":{"line":396,"column":72}},"loc":{"start":{"line":397,"column":6},"end":{"line":397,"column":49}}},"17":{"name":"(anonymous_26)","decl":{"start":{"line":404,"column":12},"end":{"line":404,"column":18}},"loc":{"start":{"line":404,"column":22},"end":{"line":411,"column":null}}},"18":{"name":"(anonymous_27)","decl":{"start":{"line":407,"column":56},"end":{"line":407,"column":61}},"loc":{"start":{"line":408,"column":10},"end":{"line":408,"column":52}}},"19":{"name":"(anonymous_28)","decl":{"start":{"line":410,"column":71},"end":{"line":410,"column":76}},"loc":{"start":{"line":411,"column":10},"end":{"line":411,"column":53}}},"20":{"name":"(anonymous_29)","decl":{"start":{"line":413,"column":17},"end":{"line":413,"column":23}},"loc":{"start":{"line":413,"column":27},"end":{"line":413,"column":47}}},"21":{"name":"(anonymous_30)","decl":{"start":{"line":423,"column":52},"end":{"line":423,"column":57}},"loc":{"start":{"line":424,"column":6},"end":{"line":424,"column":48}}},"22":{"name":"(anonymous_31)","decl":{"start":{"line":426,"column":42},"end":{"line":426,"column":47}},"loc":{"start":{"line":427,"column":6},"end":{"line":427,"column":43}}},"23":{"name":"(anonymous_32)","decl":{"start":{"line":429,"column":67},"end":{"line":429,"column":72}},"loc":{"start":{"line":430,"column":6},"end":{"line":430,"column":49}}},"24":{"name":"(anonymous_33)","decl":{"start":{"line":436,"column":71},"end":{"line":436,"column":74}},"loc":{"start":{"line":437,"column":6},"end":{"line":437,"column":66}}},"25":{"name":"(anonymous_34)","decl":{"start":{"line":437,"column":35},"end":{"line":437,"column":39}},"loc":{"start":{"line":437,"column":43},"end":{"line":437,"column":65}}},"26":{"name":"(anonymous_35)","decl":{"start":{"line":439,"column":52},"end":{"line":439,"column":57}},"loc":{"start":{"line":440,"column":6},"end":{"line":440,"column":52}}},"27":{"name":"(anonymous_36)","decl":{"start":{"line":442,"column":67},"end":{"line":442,"column":72}},"loc":{"start":{"line":443,"column":6},"end":{"line":443,"column":53}}},"28":{"name":"(anonymous_37)","decl":{"start":{"line":450,"column":52},"end":{"line":450,"column":57}},"loc":{"start":{"line":451,"column":6},"end":{"line":451,"column":52}}},"29":{"name":"(anonymous_38)","decl":{"start":{"line":453,"column":67},"end":{"line":453,"column":72}},"loc":{"start":{"line":454,"column":6},"end":{"line":454,"column":53}}},"30":{"name":"(anonymous_39)","decl":{"start":{"line":462,"column":52},"end":{"line":462,"column":57}},"loc":{"start":{"line":463,"column":6},"end":{"line":463,"column":48}}},"31":{"name":"(anonymous_40)","decl":{"start":{"line":465,"column":67},"end":{"line":465,"column":72}},"loc":{"start":{"line":466,"column":6},"end":{"line":466,"column":49}}},"32":{"name":"(anonymous_41)","decl":{"start":{"line":474,"column":52},"end":{"line":474,"column":57}},"loc":{"start":{"line":475,"column":6},"end":{"line":475,"column":52}}},"33":{"name":"(anonymous_42)","decl":{"start":{"line":477,"column":67},"end":{"line":477,"column":72}},"loc":{"start":{"line":478,"column":6},"end":{"line":478,"column":53}}},"34":{"name":"(anonymous_43)","decl":{"start":{"line":486,"column":52},"end":{"line":486,"column":57}},"loc":{"start":{"line":487,"column":6},"end":{"line":487,"column":52}}},"35":{"name":"(anonymous_44)","decl":{"start":{"line":489,"column":67},"end":{"line":489,"column":72}},"loc":{"start":{"line":490,"column":6},"end":{"line":490,"column":53}}},"36":{"name":"(anonymous_45)","decl":{"start":{"line":498,"column":52},"end":{"line":498,"column":57}},"loc":{"start":{"line":499,"column":6},"end":{"line":499,"column":52}}},"37":{"name":"(anonymous_46)","decl":{"start":{"line":501,"column":67},"end":{"line":501,"column":72}},"loc":{"start":{"line":502,"column":6},"end":{"line":502,"column":53}}},"38":{"name":"(anonymous_47)","decl":{"start":{"line":509,"column":52},"end":{"line":509,"column":57}},"loc":{"start":{"line":510,"column":6},"end":{"line":510,"column":52}}},"39":{"name":"(anonymous_48)","decl":{"start":{"line":512,"column":42},"end":{"line":512,"column":47}},"loc":{"start":{"line":513,"column":6},"end":{"line":513,"column":47}}},"40":{"name":"(anonymous_49)","decl":{"start":{"line":515,"column":67},"end":{"line":515,"column":72}},"loc":{"start":{"line":516,"column":6},"end":{"line":516,"column":53}}},"41":{"name":"(anonymous_50)","decl":{"start":{"line":525,"column":52},"end":{"line":525,"column":57}},"loc":{"start":{"line":526,"column":6},"end":{"line":526,"column":52}}},"42":{"name":"(anonymous_51)","decl":{"start":{"line":528,"column":42},"end":{"line":528,"column":47}},"loc":{"start":{"line":529,"column":6},"end":{"line":529,"column":47}}},"43":{"name":"(anonymous_52)","decl":{"start":{"line":531,"column":67},"end":{"line":531,"column":72}},"loc":{"start":{"line":532,"column":6},"end":{"line":532,"column":53}}},"44":{"name":"(anonymous_53)","decl":{"start":{"line":534,"column":66},"end":{"line":534,"column":71}},"loc":{"start":{"line":534,"column":80},"end":{"line":548,"column":5}}}},"branchMap":{"0":{"loc":{"start":{"line":116,"column":2},"end":{"line":116,"column":56}},"type":"if","locations":[{"start":{"line":116,"column":2},"end":{"line":116,"column":56}},{"start":{},"end":{}}]},"1":{"loc":{"start":{"line":116,"column":6},"end":{"line":116,"column":41}},"type":"binary-expr","locations":[{"start":{"line":116,"column":6},"end":{"line":116,"column":12}},{"start":{"line":116,"column":16},"end":{"line":116,"column":41}}]},"2":{"loc":{"start":{"line":134,"column":2},"end":{"line":134,"column":56}},"type":"if","locations":[{"start":{"line":134,"column":2},"end":{"line":134,"column":56}},{"start":{},"end":{}}]},"3":{"loc":{"start":{"line":134,"column":6},"end":{"line":134,"column":41}},"type":"binary-expr","locations":[{"start":{"line":134,"column":6},"end":{"line":134,"column":12}},{"start":{"line":134,"column":16},"end":{"line":134,"column":41}}]},"4":{"loc":{"start":{"line":136,"column":9},"end":{"line":139,"column":40}},"type":"binary-expr","locations":[{"start":{"line":136,"column":9},"end":{"line":136,"column":36}},{"start":{"line":137,"column":9},"end":{"line":137,"column":35}},{"start":{"line":138,"column":9},"end":{"line":138,"column":40}},{"start":{"line":139,"column":9},"end":{"line":139,"column":40}}]},"5":{"loc":{"start":{"line":144,"column":2},"end":{"line":144,"column":54}},"type":"if","locations":[{"start":{"line":144,"column":2},"end":{"line":144,"column":54}},{"start":{},"end":{}}]},"6":{"loc":{"start":{"line":144,"column":6},"end":{"line":144,"column":39}},"type":"binary-expr","locations":[{"start":{"line":144,"column":6},"end":{"line":144,"column":11}},{"start":{"line":144,"column":15},"end":{"line":144,"column":39}}]},"7":{"loc":{"start":{"line":147,"column":2},"end":{"line":147,"column":39}},"type":"if","locations":[{"start":{"line":147,"column":2},"end":{"line":147,"column":39}},{"start":{},"end":{}}]},"8":{"loc":{"start":{"line":275,"column":2},"end":{"line":275,"column":56}},"type":"if","locations":[{"start":{"line":275,"column":2},"end":{"line":275,"column":56}},{"start":{},"end":{}}]},"9":{"loc":{"start":{"line":275,"column":6},"end":{"line":275,"column":41}},"type":"binary-expr","locations":[{"start":{"line":275,"column":6},"end":{"line":275,"column":12}},{"start":{"line":275,"column":16},"end":{"line":275,"column":41}}]},"10":{"loc":{"start":{"line":278,"column":2},"end":{"line":281,"column":3}},"type":"if","locations":[{"start":{"line":278,"column":2},"end":{"line":281,"column":3}},{"start":{},"end":{}}]},"11":{"loc":{"start":{"line":284,"column":2},"end":{"line":287,"column":3}},"type":"if","locations":[{"start":{"line":284,"column":2},"end":{"line":287,"column":3}},{"start":{},"end":{}}]},"12":{"loc":{"start":{"line":304,"column":24},"end":{"line":304,"column":113}},"type":"binary-expr","locations":[{"start":{"line":304,"column":24},"end":{"line":304,"column":40}},{"start":{"line":304,"column":44},"end":{"line":304,"column":67}},{"start":{"line":304,"column":71},"end":{"line":304,"column":82}},{"start":{"line":304,"column":86},"end":{"line":304,"column":97}},{"start":{"line":304,"column":101},"end":{"line":304,"column":113}}]},"13":{"loc":{"start":{"line":306,"column":2},"end":{"line":314,"column":3}},"type":"if","locations":[{"start":{"line":306,"column":2},"end":{"line":314,"column":3}},{"start":{},"end":{}}]},"14":{"loc":{"start":{"line":308,"column":6},"end":{"line":308,"column":40}},"type":"cond-expr","locations":[{"start":{"line":308,"column":25},"end":{"line":308,"column":35}},{"start":{"line":308,"column":38},"end":{"line":308,"column":40}}]},"15":{"loc":{"start":{"line":309,"column":6},"end":{"line":309,"column":45}},"type":"cond-expr","locations":[{"start":{"line":309,"column":32},"end":{"line":309,"column":40}},{"start":{"line":309,"column":43},"end":{"line":309,"column":45}}]},"16":{"loc":{"start":{"line":310,"column":6},"end":{"line":310,"column":30}},"type":"cond-expr","locations":[{"start":{"line":310,"column":20},"end":{"line":310,"column":25}},{"start":{"line":310,"column":28},"end":{"line":310,"column":30}}]},"17":{"loc":{"start":{"line":311,"column":6},"end":{"line":311,"column":30}},"type":"cond-expr","locations":[{"start":{"line":311,"column":20},"end":{"line":311,"column":25}},{"start":{"line":311,"column":28},"end":{"line":311,"column":30}}]},"18":{"loc":{"start":{"line":312,"column":6},"end":{"line":312,"column":32}},"type":"cond-expr","locations":[{"start":{"line":312,"column":21},"end":{"line":312,"column":27}},{"start":{"line":312,"column":30},"end":{"line":312,"column":32}}]},"19":{"loc":{"start":{"line":327,"column":31},"end":{"line":327,"column":42}},"type":"binary-expr","locations":[{"start":{"line":327,"column":31},"end":{"line":327,"column":36}},{"start":{"line":327,"column":40},"end":{"line":327,"column":42}}]},"20":{"loc":{"start":{"line":330,"column":37},"end":{"line":330,"column":48}},"type":"binary-expr","locations":[{"start":{"line":330,"column":37},"end":{"line":330,"column":42}},{"start":{"line":330,"column":46},"end":{"line":330,"column":48}}]},"21":{"loc":{"start":{"line":349,"column":37},"end":{"line":349,"column":48}},"type":"binary-expr","locations":[{"start":{"line":349,"column":37},"end":{"line":349,"column":42}},{"start":{"line":349,"column":46},"end":{"line":349,"column":48}}]},"22":{"loc":{"start":{"line":360,"column":37},"end":{"line":360,"column":48}},"type":"binary-expr","locations":[{"start":{"line":360,"column":37},"end":{"line":360,"column":42}},{"start":{"line":360,"column":46},"end":{"line":360,"column":48}}]},"23":{"loc":{"start":{"line":369,"column":37},"end":{"line":369,"column":48}},"type":"binary-expr","locations":[{"start":{"line":369,"column":37},"end":{"line":369,"column":42}},{"start":{"line":369,"column":46},"end":{"line":369,"column":48}}]},"24":{"loc":{"start":{"line":377,"column":6},"end":{"line":377,"column":52}},"type":"binary-expr","locations":[{"start":{"line":377,"column":6},"end":{"line":377,"column":12}},{"start":{"line":377,"column":16},"end":{"line":377,"column":52}}]},"25":{"loc":{"start":{"line":380,"column":6},"end":{"line":380,"column":47}},"type":"binary-expr","locations":[{"start":{"line":380,"column":6},"end":{"line":380,"column":12}},{"start":{"line":380,"column":16},"end":{"line":380,"column":47}}]},"26":{"loc":{"start":{"line":383,"column":6},"end":{"line":383,"column":53}},"type":"binary-expr","locations":[{"start":{"line":383,"column":6},"end":{"line":383,"column":12}},{"start":{"line":383,"column":16},"end":{"line":383,"column":53}}]},"27":{"loc":{"start":{"line":391,"column":36},"end":{"line":391,"column":47}},"type":"binary-expr","locations":[{"start":{"line":391,"column":36},"end":{"line":391,"column":41}},{"start":{"line":391,"column":45},"end":{"line":391,"column":47}}]},"28":{"loc":{"start":{"line":394,"column":31},"end":{"line":394,"column":42}},"type":"binary-expr","locations":[{"start":{"line":394,"column":31},"end":{"line":394,"column":36}},{"start":{"line":394,"column":40},"end":{"line":394,"column":42}}]},"29":{"loc":{"start":{"line":397,"column":37},"end":{"line":397,"column":48}},"type":"binary-expr","locations":[{"start":{"line":397,"column":37},"end":{"line":397,"column":42}},{"start":{"line":397,"column":46},"end":{"line":397,"column":48}}]},"30":{"loc":{"start":{"line":408,"column":40},"end":{"line":408,"column":51}},"type":"binary-expr","locations":[{"start":{"line":408,"column":40},"end":{"line":408,"column":45}},{"start":{"line":408,"column":49},"end":{"line":408,"column":51}}]},"31":{"loc":{"start":{"line":411,"column":41},"end":{"line":411,"column":52}},"type":"binary-expr","locations":[{"start":{"line":411,"column":41},"end":{"line":411,"column":46}},{"start":{"line":411,"column":50},"end":{"line":411,"column":52}}]},"32":{"loc":{"start":{"line":424,"column":36},"end":{"line":424,"column":47}},"type":"binary-expr","locations":[{"start":{"line":424,"column":36},"end":{"line":424,"column":41}},{"start":{"line":424,"column":45},"end":{"line":424,"column":47}}]},"33":{"loc":{"start":{"line":427,"column":31},"end":{"line":427,"column":42}},"type":"binary-expr","locations":[{"start":{"line":427,"column":31},"end":{"line":427,"column":36}},{"start":{"line":427,"column":40},"end":{"line":427,"column":42}}]},"34":{"loc":{"start":{"line":430,"column":37},"end":{"line":430,"column":48}},"type":"binary-expr","locations":[{"start":{"line":430,"column":37},"end":{"line":430,"column":42}},{"start":{"line":430,"column":46},"end":{"line":430,"column":48}}]},"35":{"loc":{"start":{"line":437,"column":6},"end":{"line":437,"column":66}},"type":"binary-expr","locations":[{"start":{"line":437,"column":6},"end":{"line":437,"column":10}},{"start":{"line":437,"column":14},"end":{"line":437,"column":66}}]},"36":{"loc":{"start":{"line":440,"column":6},"end":{"line":440,"column":52}},"type":"binary-expr","locations":[{"start":{"line":440,"column":6},"end":{"line":440,"column":12}},{"start":{"line":440,"column":16},"end":{"line":440,"column":52}}]},"37":{"loc":{"start":{"line":443,"column":6},"end":{"line":443,"column":53}},"type":"binary-expr","locations":[{"start":{"line":443,"column":6},"end":{"line":443,"column":12}},{"start":{"line":443,"column":16},"end":{"line":443,"column":53}}]},"38":{"loc":{"start":{"line":451,"column":6},"end":{"line":451,"column":52}},"type":"binary-expr","locations":[{"start":{"line":451,"column":6},"end":{"line":451,"column":12}},{"start":{"line":451,"column":16},"end":{"line":451,"column":52}}]},"39":{"loc":{"start":{"line":454,"column":6},"end":{"line":454,"column":53}},"type":"binary-expr","locations":[{"start":{"line":454,"column":6},"end":{"line":454,"column":12}},{"start":{"line":454,"column":16},"end":{"line":454,"column":53}}]},"40":{"loc":{"start":{"line":463,"column":36},"end":{"line":463,"column":47}},"type":"binary-expr","locations":[{"start":{"line":463,"column":36},"end":{"line":463,"column":41}},{"start":{"line":463,"column":45},"end":{"line":463,"column":47}}]},"41":{"loc":{"start":{"line":466,"column":37},"end":{"line":466,"column":48}},"type":"binary-expr","locations":[{"start":{"line":466,"column":37},"end":{"line":466,"column":42}},{"start":{"line":466,"column":46},"end":{"line":466,"column":48}}]},"42":{"loc":{"start":{"line":475,"column":6},"end":{"line":475,"column":52}},"type":"binary-expr","locations":[{"start":{"line":475,"column":6},"end":{"line":475,"column":12}},{"start":{"line":475,"column":16},"end":{"line":475,"column":52}}]},"43":{"loc":{"start":{"line":478,"column":6},"end":{"line":478,"column":53}},"type":"binary-expr","locations":[{"start":{"line":478,"column":6},"end":{"line":478,"column":12}},{"start":{"line":478,"column":16},"end":{"line":478,"column":53}}]},"44":{"loc":{"start":{"line":487,"column":6},"end":{"line":487,"column":52}},"type":"binary-expr","locations":[{"start":{"line":487,"column":6},"end":{"line":487,"column":12}},{"start":{"line":487,"column":16},"end":{"line":487,"column":52}}]},"45":{"loc":{"start":{"line":490,"column":6},"end":{"line":490,"column":53}},"type":"binary-expr","locations":[{"start":{"line":490,"column":6},"end":{"line":490,"column":12}},{"start":{"line":490,"column":16},"end":{"line":490,"column":53}}]},"46":{"loc":{"start":{"line":499,"column":6},"end":{"line":499,"column":52}},"type":"binary-expr","locations":[{"start":{"line":499,"column":6},"end":{"line":499,"column":12}},{"start":{"line":499,"column":16},"end":{"line":499,"column":52}}]},"47":{"loc":{"start":{"line":502,"column":6},"end":{"line":502,"column":53}},"type":"binary-expr","locations":[{"start":{"line":502,"column":6},"end":{"line":502,"column":12}},{"start":{"line":502,"column":16},"end":{"line":502,"column":53}}]},"48":{"loc":{"start":{"line":510,"column":6},"end":{"line":510,"column":52}},"type":"binary-expr","locations":[{"start":{"line":510,"column":6},"end":{"line":510,"column":12}},{"start":{"line":510,"column":16},"end":{"line":510,"column":52}}]},"49":{"loc":{"start":{"line":513,"column":6},"end":{"line":513,"column":47}},"type":"binary-expr","locations":[{"start":{"line":513,"column":6},"end":{"line":513,"column":12}},{"start":{"line":513,"column":16},"end":{"line":513,"column":47}}]},"50":{"loc":{"start":{"line":516,"column":6},"end":{"line":516,"column":53}},"type":"binary-expr","locations":[{"start":{"line":516,"column":6},"end":{"line":516,"column":12}},{"start":{"line":516,"column":16},"end":{"line":516,"column":53}}]},"51":{"loc":{"start":{"line":526,"column":6},"end":{"line":526,"column":52}},"type":"binary-expr","locations":[{"start":{"line":526,"column":6},"end":{"line":526,"column":12}},{"start":{"line":526,"column":16},"end":{"line":526,"column":52}}]},"52":{"loc":{"start":{"line":529,"column":6},"end":{"line":529,"column":47}},"type":"binary-expr","locations":[{"start":{"line":529,"column":6},"end":{"line":529,"column":12}},{"start":{"line":529,"column":16},"end":{"line":529,"column":47}}]},"53":{"loc":{"start":{"line":532,"column":6},"end":{"line":532,"column":53}},"type":"binary-expr","locations":[{"start":{"line":532,"column":6},"end":{"line":532,"column":12}},{"start":{"line":532,"column":16},"end":{"line":532,"column":53}}]},"54":{"loc":{"start":{"line":535,"column":6},"end":{"line":535,"column":30}},"type":"if","locations":[{"start":{"line":535,"column":6},"end":{"line":535,"column":30}},{"start":{},"end":{}}]},"55":{"loc":{"start":{"line":538,"column":28},"end":{"line":538,"column":39}},"type":"binary-expr","locations":[{"start":{"line":538,"column":28},"end":{"line":538,"column":33}},{"start":{"line":538,"column":37},"end":{"line":538,"column":39}}]},"56":{"loc":{"start":{"line":540,"column":8},"end":{"line":542,"column":9}},"type":"if","locations":[{"start":{"line":540,"column":8},"end":{"line":542,"column":9}},{"start":{},"end":{}}]}},"s":{"0":3,"1":3,"2":3,"3":3,"4":3,"5":3,"6":3,"7":3,"8":3,"9":3,"10":3,"11":3,"12":3,"13":3,"14":3,"15":3,"16":3,"17":3,"18":3,"19":3,"20":3,"21":862,"22":0,"23":862,"24":862,"25":237593,"26":3,"27":2711,"28":0,"29":2711,"30":3,"31":0,"32":0,"33":0,"34":0,"35":0,"36":3,"37":3,"38":3,"39":904,"40":0,"41":904,"42":2,"43":2,"44":902,"45":40,"46":40,"47":862,"48":862,"49":237196,"50":862,"51":862,"52":862,"53":862,"54":862,"55":862,"56":43,"57":862,"58":3,"59":227,"60":227,"61":226,"62":226,"63":226,"64":227,"65":227,"66":227,"67":226,"68":226,"69":226,"70":0,"71":0,"72":0,"73":454,"74":226,"75":226,"76":226,"77":227,"78":0,"79":227,"80":227,"81":227,"82":227,"83":226,"84":226,"85":227,"86":227,"87":227,"88":227,"89":227,"90":227,"91":227,"92":227,"93":227,"94":226,"95":226,"96":226,"97":226,"98":0,"99":226,"100":226,"101":226,"102":226,"103":2,"104":226,"105":0,"106":0},"f":{"0":862,"1":237593,"2":2711,"3":0,"4":904,"5":237196,"6":227,"7":227,"8":226,"9":226,"10":226,"11":227,"12":227,"13":227,"14":226,"15":226,"16":226,"17":0,"18":0,"19":0,"20":454,"21":226,"22":226,"23":226,"24":227,"25":0,"26":227,"27":227,"28":227,"29":227,"30":226,"31":226,"32":227,"33":227,"34":227,"35":227,"36":227,"37":227,"38":227,"39":227,"40":227,"41":226,"42":226,"43":226,"44":226},"b":{"0":[0,862],"1":[862,862],"2":[0,2711],"3":[2711,2711],"4":[2711,2705,2679,2665],"5":[0,0],"6":[0,0],"7":[0,0],"8":[0,904],"9":[904,904],"10":[2,902],"11":[40,862],"12":[862,826,819,819,819],"13":[43,819],"14":[36,7],"15":[34,9],"16":[1,42],"17":[4,39],"18":[4,39],"19":[227,0],"20":[227,0],"21":[226,0],"22":[226,0],"23":[226,0],"24":[227,0],"25":[227,0],"26":[227,0],"27":[226,0],"28":[226,0],"29":[226,0],"30":[0,0],"31":[0,0],"32":[226,0],"33":[226,0],"34":[226,0],"35":[227,0],"36":[227,0],"37":[227,0],"38":[227,0],"39":[227,0],"40":[226,0],"41":[226,0],"42":[227,0],"43":[227,0],"44":[227,0],"45":[227,0],"46":[227,0],"47":[227,0],"48":[227,0],"49":[227,0],"50":[227,0],"51":[226,226],"52":[226,226],"53":[226,226],"54":[0,226],"55":[226,0],"56":[2,224]}}
,"C:\\Users\\azari\\OneDrive\\Desktop\\Programacion\\share-it-web\\src\\components\\forms\\InputField.tsx": {"path":"C:\\Users\\azari\\OneDrive\\Desktop\\Programacion\\share-it-web\\src\\components\\forms\\InputField.tsx","statementMap":{"0":{"start":{"line":1,"column":0},"end":{"line":1,"column":26}},"1":{"start":{"line":9,"column":26},"end":{"line":14,"column":null}},"2":{"start":{"line":10,"column":2},"end":{"line":13,"column":null}},"3":{"start":{"line":9,"column":13},"end":{"line":9,"column":26}}},"fnMap":{"0":{"name":"(anonymous_1)","decl":{"start":{"line":9,"column":26},"end":{"line":9,"column":27}},"loc":{"start":{"line":10,"column":2},"end":{"line":13,"column":null}}}},"branchMap":{"0":{"loc":{"start":{"line":13,"column":5},"end":{"line":13,"column":67}},"type":"binary-expr","locations":[{"start":{"line":13,"column":5},"end":{"line":13,"column":10}},{"start":{"line":13,"column":14},"end":{"line":13,"column":67}}]}},"s":{"0":0,"1":0,"2":0,"3":0},"f":{"0":0},"b":{"0":[0,0]}}
,"C:\\Users\\azari\\OneDrive\\Desktop\\Programacion\\share-it-web\\src\\helpers\\tagHelper.ts": {"path":"C:\\Users\\azari\\OneDrive\\Desktop\\Programacion\\share-it-web\\src\\helpers\\tagHelper.ts","statementMap":{"0":{"start":{"line":3,"column":0},"end":{"line":3,"column":7}},"1":{"start":{"line":10,"column":0},"end":{"line":10,"column":7}},"2":{"start":{"line":21,"column":0},"end":{"line":21,"column":7}},"3":{"start":{"line":28,"column":0},"end":{"line":28,"column":7}},"4":{"start":{"line":1,"column":0},"end":{"line":1,"column":65}},"5":{"start":{"line":4,"column":21},"end":{"line":4,"column":61}},"6":{"start":{"line":5,"column":15},"end":{"line":5,"column":44}},"7":{"start":{"line":5,"column":36},"end":{"line":5,"column":43}},"8":{"start":{"line":7,"column":2},"end":{"line":7,"column":14}},"9":{"start":{"line":11,"column":22},"end":{"line":11,"column":93}},"10":{"start":{"line":12,"column":2},"end":{"line":16,"column":3}},"11":{"start":{"line":13,"column":23},"end":{"line":13,"column":56}},"12":{"start":{"line":14,"column":17},"end":{"line":14,"column":46}},"13":{"start":{"line":14,"column":38},"end":{"line":14,"column":45}},"14":{"start":{"line":15,"column":4},"end":{"line":15,"column":36}},"15":{"start":{"line":18,"column":2},"end":{"line":18,"column":21}},"16":{"start":{"line":22,"column":21},"end":{"line":22,"column":54}},"17":{"start":{"line":23,"column":15},"end":{"line":23,"column":49}},"18":{"start":{"line":23,"column":36},"end":{"line":23,"column":48}},"19":{"start":{"line":25,"column":2},"end":{"line":25,"column":14}},"20":{"start":{"line":29,"column":26},"end":{"line":29,"column":53}},"21":{"start":{"line":30,"column":2},"end":{"line":34,"column":3}},"22":{"start":{"line":31,"column":23},"end":{"line":31,"column":56}},"23":{"start":{"line":32,"column":17},"end":{"line":32,"column":51}},"24":{"start":{"line":32,"column":38},"end":{"line":32,"column":50}},"25":{"start":{"line":33,"column":4},"end":{"line":33,"column":40}},"26":{"start":{"line":36,"column":2},"end":{"line":36,"column":25}}},"fnMap":{"0":{"name":"getTagsByEntry","decl":{"start":{"line":3,"column":22},"end":{"line":3,"column":36}},"loc":{"start":{"line":3,"column":92},"end":{"line":8,"column":1}}},"1":{"name":"(anonymous_1)","decl":{"start":{"line":5,"column":30},"end":{"line":5,"column":32}},"loc":{"start":{"line":5,"column":36},"end":{"line":5,"column":43}}},"2":{"name":"getTagsByEntries","decl":{"start":{"line":10,"column":22},"end":{"line":10,"column":38}},"loc":{"start":{"line":10,"column":91},"end":{"line":19,"column":1}}},"3":{"name":"(anonymous_3)","decl":{"start":{"line":14,"column":32},"end":{"line":14,"column":34}},"loc":{"start":{"line":14,"column":38},"end":{"line":14,"column":45}}},"4":{"name":"getTagNamesByEntry","decl":{"start":{"line":21,"column":22},"end":{"line":21,"column":40}},"loc":{"start":{"line":21,"column":89},"end":{"line":26,"column":1}}},"5":{"name":"(anonymous_5)","decl":{"start":{"line":23,"column":30},"end":{"line":23,"column":32}},"loc":{"start":{"line":23,"column":36},"end":{"line":23,"column":48}}},"6":{"name":"getTagNamesByEntries","decl":{"start":{"line":28,"column":22},"end":{"line":28,"column":42}},"loc":{"start":{"line":28,"column":95},"end":{"line":37,"column":1}}},"7":{"name":"(anonymous_7)","decl":{"start":{"line":32,"column":32},"end":{"line":32,"column":34}},"loc":{"start":{"line":32,"column":38},"end":{"line":32,"column":50}}}},"branchMap":{},"s":{"0":0,"1":0,"2":0,"3":0,"4":0,"5":0,"6":0,"7":0,"8":0,"9":0,"10":0,"11":0,"12":0,"13":0,"14":0,"15":0,"16":0,"17":0,"18":0,"19":0,"20":0,"21":0,"22":0,"23":0,"24":0,"25":0,"26":0},"f":{"0":0,"1":0,"2":0,"3":0,"4":0,"5":0,"6":0,"7":0},"b":{}}
,"C:\\Users\\azari\\OneDrive\\Desktop\\Programacion\\share-it-web\\src\\store\\FormEntryStore.tsx": {"path":"C:\\Users\\azari\\OneDrive\\Desktop\\Programacion\\share-it-web\\src\\store\\FormEntryStore.tsx","statementMap":{"0":{"start":{"line":1,"column":0},"end":{"line":1,"column":33}},"1":{"start":{"line":9,"column":13},"end":{"line":13,"column":4}},"2":{"start":{"line":9,"column":52},"end":{"line":13,"column":2}},"3":{"start":{"line":11,"column":20},"end":{"line":11,"column":43}},"4":{"start":{"line":12,"column":21},"end":{"line":12,"column":45}}},"fnMap":{"0":{"name":"(anonymous_0)","decl":{"start":{"line":9,"column":42},"end":{"line":9,"column":43}},"loc":{"start":{"line":9,"column":52},"end":{"line":13,"column":2}}},"1":{"name":"(anonymous_1)","decl":{"start":{"line":11,"column":14},"end":{"line":11,"column":17}},"loc":{"start":{"line":11,"column":20},"end":{"line":11,"column":43}}},"2":{"name":"(anonymous_2)","decl":{"start":{"line":12,"column":15},"end":{"line":12,"column":18}},"loc":{"start":{"line":12,"column":21},"end":{"line":12,"column":45}}}},"branchMap":{},"s":{"0":0,"1":0,"2":0,"3":0,"4":0},"f":{"0":0,"1":0,"2":0},"b":{}}
,"C:\\Users\\azari\\OneDrive\\Desktop\\Programacion\\share-it-web\\src\\utils\\aboutUs.ts": {"path":"C:\\Users\\azari\\OneDrive\\Desktop\\Programacion\\share-it-web\\src\\utils\\aboutUs.ts","statementMap":{"0":{"start":{"line":1,"column":0},"end":{"line":1,"column":54}},"1":{"start":{"line":2,"column":13},"end":{"line":15,"column":2}},"2":{"start":{"line":17,"column":13},"end":{"line":48,"column":2}},"3":{"start":{"line":50,"column":13},"end":{"line":96,"column":2}}},"fnMap":{},"branchMap":{},"s":{"0":0,"1":0,"2":0,"3":0},"f":{},"b":{}}
,"C:\\Users\\azari\\OneDrive\\Desktop\\Programacion\\share-it-web\\src\\utils\\categories.ts": {"path":"C:\\Users\\azari\\OneDrive\\Desktop\\Programacion\\share-it-web\\src\\utils\\categories.ts","statementMap":{"0":{"start":{"line":2,"column":0},"end":{"line":2,"column":16}},"1":{"start":{"line":9,"column":0},"end":{"line":9,"column":16}},"2":{"start":{"line":3,"column":2},"end":{"line":5,"column":null}},"3":{"start":{"line":4,"column":43},"end":{"line":4,"column":65}},"4":{"start":{"line":13,"column":2},"end":{"line":13,"column":null}},"5":{"start":{"line":13,"column":17},"end":{"line":13,"column":null}},"6":{"start":{"line":14,"column":2},"end":{"line":14,"column":null}},"7":{"start":{"line":14,"column":40},"end":{"line":14,"column":75}}},"fnMap":{"0":{"name":"getUniqueCategories","decl":{"start":{"line":2,"column":16},"end":{"line":2,"column":35}},"loc":{"start":{"line":2,"column":52},"end":{"line":6,"column":1}}},"1":{"name":"(anonymous_1)","decl":{"start":{"line":4,"column":29},"end":{"line":4,"column":30}},"loc":{"start":{"line":4,"column":43},"end":{"line":4,"column":65}}},"2":{"name":"filterResourcesByCategory","decl":{"start":{"line":9,"column":16},"end":{"line":9,"column":41}},"loc":{"start":{"line":11,"column":25},"end":{"line":15,"column":1}}},"3":{"name":"(anonymous_3)","decl":{"start":{"line":14,"column":26},"end":{"line":14,"column":27}},"loc":{"start":{"line":14,"column":40},"end":{"line":14,"column":75}}}},"branchMap":{"0":{"loc":{"start":{"line":13,"column":2},"end":{"line":13,"column":null}},"type":"if","locations":[{"start":{"line":13,"column":2},"end":{"line":13,"column":null}},{"start":{},"end":{}}]}},"s":{"0":0,"1":0,"2":0,"3":0,"4":0,"5":0,"6":0,"7":0},"f":{"0":0,"1":0,"2":0,"3":0},"b":{"0":[0,0]}}
,"C:\\Users\\azari\\OneDrive\\Desktop\\Programacion\\share-it-web\\src\\utils\\dates.ts": {"path":"C:\\Users\\azari\\OneDrive\\Desktop\\Programacion\\share-it-web\\src\\utils\\dates.ts","statementMap":{"0":{"start":{"line":1,"column":0},"end":{"line":1,"column":16}},"1":{"start":{"line":2,"column":15},"end":{"line":2,"column":35}},"2":{"start":{"line":3,"column":2},"end":{"line":7,"column":null}}},"fnMap":{"0":{"name":"formatDate","decl":{"start":{"line":1,"column":16},"end":{"line":1,"column":26}},"loc":{"start":{"line":1,"column":45},"end":{"line":8,"column":1}}}},"branchMap":{},"s":{"0":0,"1":0,"2":0},"f":{"0":0},"b":{}}
,"C:\\Users\\azari\\OneDrive\\Desktop\\Programacion\\share-it-web\\src\\utils\\talents.ts": {"path":"C:\\Users\\azari\\OneDrive\\Desktop\\Programacion\\share-it-web\\src\\utils\\talents.ts","statementMap":{"0":{"start":{"line":43,"column":13},"end":{"line":51,"column":null}},"1":{"start":{"line":53,"column":13},"end":{"line":298,"column":null}}},"fnMap":{},"branchMap":{},"s":{"0":0,"1":0},"f":{},"b":{}}
}
