TN:
SF:src\content.config.ts
FN:18,(anonymous_0)
FN:35,(anonymous_1)
FNF:2
FNH:0
FNDA:0,(anonymous_0)
FNDA:0,(anonymous_1)
DA:1,0
DA:2,0
DA:4,0
DA:15,0
DA:18,0
DA:24,0
DA:30,0
DA:35,0
DA:39,0
DA:44,0
DA:49,0
DA:54,0
DA:59,0
LF:13
LH:0
BRF:0
BRH:0
end_of_record
TN:
SF:src\components\HelloFromReact.tsx
FN:3,(anonymous_1)
FNF:1
FNH:0
FNDA:0,(anonymous_1)
DA:1,0
DA:3,0
DA:4,0
DA:12,0
LF:4
LH:0
BRF:0
BRH:0
end_of_record
TN:
SF:src\components\IndexWithModal.tsx
FN:4,IndexWithModal
FN:6,(anonymous_10)
FN:7,(anonymous_11)
FNF:3
FNH:0
FNDA:0,IndexWithModal
FNDA:0,(anonymous_10)
FNDA:0,(anonymous_11)
DA:1,0
DA:2,0
DA:4,0
DA:5,0
DA:6,0
DA:7,0
DA:9,0
LF:7
LH:0
BRDA:12,0,0,0
BRDA:12,0,1,0
BRF:2
BRH:0
end_of_record
TN:
SF:src\components\EntryForm\EntryForm.tsx
FN:23,(anonymous_1)
FN:61,(anonymous_2)
FN:94,(anonymous_3)
FN:125,(anonymous_4)
FNF:4
FNH:0
FNDA:0,(anonymous_1)
FNDA:0,(anonymous_2)
FNDA:0,(anonymous_3)
FNDA:0,(anonymous_4)
DA:1,0
DA:2,0
DA:4,0
DA:5,0
DA:6,0
DA:8,0
DA:23,0
DA:24,0
DA:61,0
DA:62,0
DA:94,0
DA:100,0
DA:123,0
DA:125,0
DA:126,0
DA:127,0
DA:130,0
LF:17
LH:0
BRDA:50,0,0,0
BRDA:50,0,1,0
BRDA:146,1,0,0
BRDA:146,1,1,0
BRF:4
BRH:0
end_of_record
TN:
SF:src\components\SocialLinks\SocialContainer.tsx
FN:12,(anonymous_1)
FNF:1
FNH:0
FNDA:0,(anonymous_1)
DA:1,0
DA:2,0
DA:12,0
DA:19,0
LF:4
LH:0
BRDA:16,0,0,0
BRDA:17,1,0,0
BRF:2
BRH:0
end_of_record
TN:
SF:src\components\SocialLinks\SocialLinks.tsx
FN:8,(anonymous_10)
FN:11,(anonymous_11)
FN:12,(anonymous_12)
FN:30,(anonymous_13)
FN:38,(anonymous_14)
FNF:5
FNH:0
FNDA:0,(anonymous_10)
FNDA:0,(anonymous_11)
FNDA:0,(anonymous_12)
FNDA:0,(anonymous_13)
FNDA:0,(anonymous_14)
DA:1,0
DA:2,0
DA:3,0
DA:4,0
DA:5,0
DA:6,0
DA:8,0
DA:9,0
DA:11,0
DA:12,0
DA:15,0
DA:17,0
DA:30,0
DA:38,0
LF:14
LH:0
BRDA:35,0,0,0
BRDA:35,0,1,0
BRF:2
BRH:0
end_of_record
TN:
SF:src\components\SocialLinks\schema\enterpriseConfig.ts
FN:50,(anonymous_0)
FN:57,(anonymous_1)
FN:77,(anonymous_2)
FN:81,(anonymous_3)
FN:91,(anonymous_4)
FN:96,(anonymous_5)
FN:133,(anonymous_6)
FN:141,(anonymous_7)
FN:149,(anonymous_8)
FN:157,(anonymous_9)
FN:167,(anonymous_10)
FN:173,(anonymous_11)
FN:199,(anonymous_12)
FN:200,(anonymous_13)
FNF:14
FNH:5
FNDA:9,(anonymous_0)
FNDA:89,(anonymous_1)
FNDA:0,(anonymous_2)
FNDA:0,(anonymous_3)
FNDA:3,(anonymous_4)
FNDA:0,(anonymous_5)
FNDA:0,(anonymous_6)
FNDA:0,(anonymous_7)
FNDA:0,(anonymous_8)
FNDA:0,(anonymous_9)
FNDA:3,(anonymous_10)
FNDA:226,(anonymous_11)
FNDA:0,(anonymous_12)
FNDA:0,(anonymous_13)
DA:28,3
DA:40,3
DA:48,3
DA:51,9
DA:52,3
DA:54,9
DA:58,89
DA:66,89
DA:69,89
DA:70,0
DA:78,0
DA:82,0
DA:87,3
DA:92,3
DA:93,3
DA:101,0
DA:102,0
DA:109,0
DA:112,0
DA:114,0
DA:120,0
DA:122,0
DA:124,0
DA:125,0
DA:135,0
DA:141,0
DA:142,0
DA:145,0
DA:150,0
DA:152,0
DA:154,0
DA:157,0
DA:159,0
DA:161,0
DA:167,3
DA:168,3
DA:169,3
DA:170,3
DA:172,3
DA:174,226
DA:177,226
DA:178,2
DA:179,2
DA:183,224
DA:184,0
DA:185,0
DA:186,0
DA:187,0
DA:191,224
DA:192,224
DA:193,0
DA:196,224
DA:199,0
DA:200,0
LF:54
LH:25
BRDA:51,0,0,3
BRDA:51,0,1,6
BRDA:69,1,0,0
BRDA:69,1,1,89
BRDA:91,2,0,0
BRDA:101,3,0,0
BRDA:101,3,1,0
BRDA:117,4,0,0
BRDA:117,4,1,0
BRDA:142,5,0,0
BRDA:142,5,1,0
BRDA:150,6,0,0
BRDA:150,6,1,0
BRDA:177,7,0,2
BRDA:177,7,1,224
BRDA:183,8,0,0
BRDA:183,8,1,224
BRDA:185,9,0,0
BRDA:185,9,1,0
BRDA:192,10,0,0
BRDA:192,10,1,224
BRF:21
BRH:7
end_of_record
TN:
SF:src\components\SocialLinks\schema\entryFormSchema.ts
FN:115,(anonymous_9)
FN:127,(anonymous_10)
FN:133,(anonymous_11)
FN:143,(anonymous_12)
FN:274,(anonymous_13)
FN:292,(anonymous_14)
FN:326,(anonymous_15)
FN:329,(anonymous_16)
FN:348,(anonymous_17)
FN:359,(anonymous_18)
FN:368,(anonymous_19)
FN:376,(anonymous_20)
FN:379,(anonymous_21)
FN:382,(anonymous_22)
FN:390,(anonymous_23)
FN:393,(anonymous_24)
FN:396,(anonymous_25)
FN:404,(anonymous_26)
FN:407,(anonymous_27)
FN:410,(anonymous_28)
FN:413,(anonymous_29)
FN:423,(anonymous_30)
FN:426,(anonymous_31)
FN:429,(anonymous_32)
FN:436,(anonymous_33)
FN:437,(anonymous_34)
FN:439,(anonymous_35)
FN:442,(anonymous_36)
FN:450,(anonymous_37)
FN:453,(anonymous_38)
FN:462,(anonymous_39)
FN:465,(anonymous_40)
FN:474,(anonymous_41)
FN:477,(anonymous_42)
FN:486,(anonymous_43)
FN:489,(anonymous_44)
FN:498,(anonymous_45)
FN:501,(anonymous_46)
FN:509,(anonymous_47)
FN:512,(anonymous_48)
FN:515,(anonymous_49)
FN:525,(anonymous_50)
FN:528,(anonymous_51)
FN:531,(anonymous_52)
FN:534,(anonymous_53)
FNF:45
FNH:40
FNDA:862,(anonymous_9)
FNDA:237593,(anonymous_10)
FNDA:2711,(anonymous_11)
FNDA:0,(anonymous_12)
FNDA:904,(anonymous_13)
FNDA:237196,(anonymous_14)
FNDA:227,(anonymous_15)
FNDA:227,(anonymous_16)
FNDA:226,(anonymous_17)
FNDA:226,(anonymous_18)
FNDA:226,(anonymous_19)
FNDA:227,(anonymous_20)
FNDA:227,(anonymous_21)
FNDA:227,(anonymous_22)
FNDA:226,(anonymous_23)
FNDA:226,(anonymous_24)
FNDA:226,(anonymous_25)
FNDA:0,(anonymous_26)
FNDA:0,(anonymous_27)
FNDA:0,(anonymous_28)
FNDA:454,(anonymous_29)
FNDA:226,(anonymous_30)
FNDA:226,(anonymous_31)
FNDA:226,(anonymous_32)
FNDA:227,(anonymous_33)
FNDA:0,(anonymous_34)
FNDA:227,(anonymous_35)
FNDA:227,(anonymous_36)
FNDA:227,(anonymous_37)
FNDA:227,(anonymous_38)
FNDA:226,(anonymous_39)
FNDA:226,(anonymous_40)
FNDA:227,(anonymous_41)
FNDA:227,(anonymous_42)
FNDA:227,(anonymous_43)
FNDA:227,(anonymous_44)
FNDA:227,(anonymous_45)
FNDA:227,(anonymous_46)
FNDA:227,(anonymous_47)
FNDA:227,(anonymous_48)
FNDA:227,(anonymous_49)
FNDA:226,(anonymous_50)
FNDA:226,(anonymous_51)
FNDA:226,(anonymous_52)
FNDA:226,(anonymous_53)
DA:1,3
DA:2,3
DA:5,3
DA:11,3
DA:14,3
DA:92,3
DA:95,3
DA:96,3
DA:97,3
DA:98,3
DA:99,3
DA:100,3
DA:101,3
DA:102,3
DA:103,3
DA:106,3
DA:107,3
DA:108,3
DA:109,3
DA:112,3
DA:115,3
DA:116,862
DA:119,862
DA:127,862
DA:128,237593
DA:133,3
DA:134,2711
DA:136,2711
DA:143,3
DA:144,0
DA:147,0
DA:149,0
DA:153,3
DA:202,3
DA:274,3
DA:275,904
DA:278,904
DA:279,2
DA:280,2
DA:284,902
DA:285,40
DA:286,40
DA:289,862
DA:292,862
DA:293,237196
DA:297,862
DA:300,862
DA:301,862
DA:302,862
DA:304,862
DA:306,862
DA:307,43
DA:316,862
DA:319,3
DA:327,227
DA:330,227
DA:349,226
DA:360,226
DA:369,226
DA:377,227
DA:380,227
DA:383,227
DA:391,226
DA:394,226
DA:397,226
DA:404,0
DA:408,0
DA:411,0
DA:413,454
DA:424,226
DA:427,226
DA:430,226
DA:437,227
DA:440,227
DA:443,227
DA:451,227
DA:454,227
DA:463,226
DA:466,226
DA:475,227
DA:478,227
DA:487,227
DA:490,227
DA:499,227
DA:502,227
DA:510,227
DA:513,227
DA:516,227
DA:526,226
DA:529,226
DA:532,226
DA:535,226
DA:537,226
DA:538,226
DA:539,226
DA:540,226
DA:541,2
DA:543,226
DA:545,0
DA:546,0
LF:100
LH:92
BRDA:116,0,0,0
BRDA:116,0,1,862
BRDA:116,1,0,862
BRDA:116,1,1,862
BRDA:134,2,0,0
BRDA:134,2,1,2711
BRDA:134,3,0,2711
BRDA:134,3,1,2711
BRDA:136,4,0,2711
BRDA:136,4,1,2705
BRDA:136,4,2,2679
BRDA:136,4,3,2665
BRDA:144,5,0,0
BRDA:144,5,1,0
BRDA:144,6,0,0
BRDA:144,6,1,0
BRDA:147,7,0,0
BRDA:147,7,1,0
BRDA:275,8,0,0
BRDA:275,8,1,904
BRDA:275,9,0,904
BRDA:275,9,1,904
BRDA:278,10,0,2
BRDA:278,10,1,902
BRDA:284,11,0,40
BRDA:284,11,1,862
BRDA:304,12,0,862
BRDA:304,12,1,826
BRDA:304,12,2,819
BRDA:304,12,3,819
BRDA:304,12,4,819
BRDA:306,13,0,43
BRDA:306,13,1,819
BRDA:308,14,0,36
BRDA:308,14,1,7
BRDA:309,15,0,34
BRDA:309,15,1,9
BRDA:310,16,0,1
BRDA:310,16,1,42
BRDA:311,17,0,4
BRDA:311,17,1,39
BRDA:312,18,0,4
BRDA:312,18,1,39
BRDA:327,19,0,227
BRDA:327,19,1,0
BRDA:330,20,0,227
BRDA:330,20,1,0
BRDA:349,21,0,226
BRDA:349,21,1,0
BRDA:360,22,0,226
BRDA:360,22,1,0
BRDA:369,23,0,226
BRDA:369,23,1,0
BRDA:377,24,0,227
BRDA:377,24,1,0
BRDA:380,25,0,227
BRDA:380,25,1,0
BRDA:383,26,0,227
BRDA:383,26,1,0
BRDA:391,27,0,226
BRDA:391,27,1,0
BRDA:394,28,0,226
BRDA:394,28,1,0
BRDA:397,29,0,226
BRDA:397,29,1,0
BRDA:408,30,0,0
BRDA:408,30,1,0
BRDA:411,31,0,0
BRDA:411,31,1,0
BRDA:424,32,0,226
BRDA:424,32,1,0
BRDA:427,33,0,226
BRDA:427,33,1,0
BRDA:430,34,0,226
BRDA:430,34,1,0
BRDA:437,35,0,227
BRDA:437,35,1,0
BRDA:440,36,0,227
BRDA:440,36,1,0
BRDA:443,37,0,227
BRDA:443,37,1,0
BRDA:451,38,0,227
BRDA:451,38,1,0
BRDA:454,39,0,227
BRDA:454,39,1,0
BRDA:463,40,0,226
BRDA:463,40,1,0
BRDA:466,41,0,226
BRDA:466,41,1,0
BRDA:475,42,0,227
BRDA:475,42,1,0
BRDA:478,43,0,227
BRDA:478,43,1,0
BRDA:487,44,0,227
BRDA:487,44,1,0
BRDA:490,45,0,227
BRDA:490,45,1,0
BRDA:499,46,0,227
BRDA:499,46,1,0
BRDA:502,47,0,227
BRDA:502,47,1,0
BRDA:510,48,0,227
BRDA:510,48,1,0
BRDA:513,49,0,227
BRDA:513,49,1,0
BRDA:516,50,0,227
BRDA:516,50,1,0
BRDA:526,51,0,226
BRDA:526,51,1,226
BRDA:529,52,0,226
BRDA:529,52,1,226
BRDA:532,53,0,226
BRDA:532,53,1,226
BRDA:535,54,0,0
BRDA:535,54,1,226
BRDA:538,55,0,226
BRDA:538,55,1,0
BRDA:540,56,0,2
BRDA:540,56,1,224
BRF:119
BRH:74
end_of_record
TN:
SF:src\components\forms\InputField.tsx
FN:9,(anonymous_1)
FNF:1
FNH:0
FNDA:0,(anonymous_1)
DA:1,0
DA:9,0
DA:10,0
LF:3
LH:0
BRDA:13,0,0,0
BRDA:13,0,1,0
BRF:2
BRH:0
end_of_record
TN:
SF:src\helpers\tagHelper.ts
FN:3,getTagsByEntry
FN:5,(anonymous_1)
FN:10,getTagsByEntries
FN:14,(anonymous_3)
FN:21,getTagNamesByEntry
FN:23,(anonymous_5)
FN:28,getTagNamesByEntries
FN:32,(anonymous_7)
FNF:8
FNH:0
FNDA:0,getTagsByEntry
FNDA:0,(anonymous_1)
FNDA:0,getTagsByEntries
FNDA:0,(anonymous_3)
FNDA:0,getTagNamesByEntry
FNDA:0,(anonymous_5)
FNDA:0,getTagNamesByEntries
FNDA:0,(anonymous_7)
DA:1,0
DA:3,0
DA:4,0
DA:5,0
DA:7,0
DA:10,0
DA:11,0
DA:12,0
DA:13,0
DA:14,0
DA:15,0
DA:18,0
DA:21,0
DA:22,0
DA:23,0
DA:25,0
DA:28,0
DA:29,0
DA:30,0
DA:31,0
DA:32,0
DA:33,0
DA:36,0
LF:23
LH:0
BRF:0
BRH:0
end_of_record
TN:
SF:src\store\FormEntryStore.tsx
FN:9,(anonymous_0)
FN:11,(anonymous_1)
FN:12,(anonymous_2)
FNF:3
FNH:0
FNDA:0,(anonymous_0)
FNDA:0,(anonymous_1)
FNDA:0,(anonymous_2)
DA:1,0
DA:9,0
DA:11,0
DA:12,0
LF:4
LH:0
BRF:0
BRH:0
end_of_record
TN:
SF:src\utils\aboutUs.ts
FNF:0
FNH:0
DA:1,0
DA:2,0
DA:17,0
DA:50,0
LF:4
LH:0
BRF:0
BRH:0
end_of_record
TN:
SF:src\utils\categories.ts
FN:2,getUniqueCategories
FN:4,(anonymous_1)
FN:9,filterResourcesByCategory
FN:14,(anonymous_3)
FNF:4
FNH:0
FNDA:0,getUniqueCategories
FNDA:0,(anonymous_1)
FNDA:0,filterResourcesByCategory
FNDA:0,(anonymous_3)
DA:2,0
DA:3,0
DA:4,0
DA:9,0
DA:13,0
DA:14,0
LF:6
LH:0
BRDA:13,0,0,0
BRDA:13,0,1,0
BRF:2
BRH:0
end_of_record
TN:
SF:src\utils\dates.ts
FN:1,formatDate
FNF:1
FNH:0
FNDA:0,formatDate
DA:1,0
DA:2,0
DA:3,0
LF:3
LH:0
BRF:0
BRH:0
end_of_record
TN:
SF:src\utils\talents.ts
FNF:0
FNH:0
DA:43,0
DA:53,0
LF:2
LH:0
BRF:0
BRH:0
end_of_record
